#
# A fatal error has been detected by the Java Runtime Environment:
#
#  EXCEPTION_ACCESS_VIOLATION (0xc0000005) at pc=0x00007ffd997d853e, pid=7904, tid=5680
#
# JRE version: OpenJDK Runtime Environment Temurin-21.0.3+9 (21.0.3+9) (build 21.0.3+9-LTS)
# Java VM: OpenJDK 64-Bit Server VM Temurin-21.0.3+9 (21.0.3+9-LTS, mixed mode, tiered, compressed oops, compressed class ptrs, g1 gc, windows-amd64)
# Problematic frame:
# V  [jvm.dll+0x31853e]
#
# No core dump will be written. Minidumps are not enabled by default on client versions of Windows
#
# If you would like to submit a bug report, please visit:
#   https://github.com/adoptium/adoptium-support/issues
#

---------------  S U M M A R Y ------------

Command Line: -XX:+ShowCodeDetailsInExceptionMessages -agentlib:jdwp=transport=dt_socket,suspend=y,address=localhost:61436 -javaagent:D:\Softwares\eclipse-jee-2024\eclipse\configuration\org.eclipse.osgi\448\0\.cp\lib\javaagent-shaded.jar -Dfile.encoding=UTF-8 -Dstdout.encoding=UTF-8 -Dstderr.encoding=UTF-8 com.test.batch.BatchApplication

Host: Intel(R) Core(TM) i5-7200U CPU @ 2.50GHz, 4 cores, 7G,  Windows 11 , 64 bit Build 22621 (10.0.22621.3958)
Time: Tue Sep 24 22:55:15 2024 India Standard Time elapsed time: 448.554264 seconds (0d 0h 7m 28s)

---------------  T H R E A D  ---------------

Current thread (0x000002309c7fe7f0):  WorkerThread "GC Thread#1"    [id=5680, stack(0x000000adc8200000,0x000000adc8300000) (1024K)]

Stack: [0x000000adc8200000,0x000000adc8300000],  sp=0x000000adc82fe1d0,  free space=1016k
Native frames: (J=compiled Java code, j=interpreted, Vv=VM code, C=native code)
V  [jvm.dll+0x31853e]
V  [jvm.dll+0x33e229]
V  [jvm.dll+0x33e192]
V  [jvm.dll+0x312f5b]
V  [jvm.dll+0x3129ad]
V  [jvm.dll+0x3eace5]
V  [jvm.dll+0x84c2f6]
V  [jvm.dll+0x855c91]
V  [jvm.dll+0x36310a]
V  [jvm.dll+0x3631c4]
V  [jvm.dll+0x342b33]
V  [jvm.dll+0x8cf697]
V  [jvm.dll+0x84bf8b]
V  [jvm.dll+0x6c6dcd]
C  [ucrtbase.dll+0x29333]
C  [KERNEL32.DLL+0x1257d]
C  [ntdll.dll+0x5af28]

JavaThread 0x00000230a096a840 (nid = 440) was being processed
Java frames: (J=compiled Java code, j=interpreted, Vv=VM code)
j  java.lang.invoke.DirectMethodHandle$Holder.invokeVirtual(Ljava/lang/Object;Ljava/lang/Object;)Ljava/lang/Object;+10 java.base@21.0.3
J 5966 c1 java.lang.invoke.LambdaForm$MH+0x00000001000c1000.invoke(Ljava/lang/Object;Ljava/lang/Object;)Ljava/lang/Object; java.base@21.0.3 (35 bytes) @ 0x000002308450151c [0x0000023084501000+0x000000000000051c]
J 5965 c1 jdk.internal.reflect.DirectMethodHandleAccessor.invoke(Ljava/lang/Object;[Ljava/lang/Object;)Ljava/lang/Object; java.base@21.0.3 (92 bytes) @ 0x00000230844fc5c4 [0x00000230844fae60+0x0000000000001764]
J 4926 c1 java.lang.reflect.Method.invoke(Ljava/lang/Object;[Ljava/lang/Object;)Ljava/lang/Object; java.base@21.0.3 (108 bytes) @ 0x000002308438948c [0x0000023084389280+0x000000000000020c]
j  org.springframework.aop.support.AopUtils.invokeJoinpointUsingReflection(Ljava/lang/Object;Ljava/lang/reflect/Method;[Ljava/lang/Object;)Ljava/lang/Object;+34
J 9730 c1 org.springframework.aop.framework.ReflectiveMethodInvocation.proceed()Ljava/lang/Object; (126 bytes) @ 0x000002308489297c [0x0000023084891ea0+0x0000000000000adc]
j  org.springframework.aop.framework.CglibAopProxy$CglibMethodInvocation.proceed()Ljava/lang/Object;+1
j  org.springframework.aop.support.DelegatingIntroductionInterceptor.doProceed(Lorg/aopalliance/intercept/MethodInvocation;)Ljava/lang/Object;+1
j  org.springframework.aop.support.DelegatingIntroductionInterceptor.invoke(Lorg/aopalliance/intercept/MethodInvocation;)Ljava/lang/Object;+80
J 9730 c1 org.springframework.aop.framework.ReflectiveMethodInvocation.proceed()Ljava/lang/Object; (126 bytes) @ 0x000002308489287c [0x0000023084891ea0+0x00000000000009dc]
j  org.springframework.aop.framework.CglibAopProxy$CglibMethodInvocation.proceed()Ljava/lang/Object;+1
j  org.springframework.aop.framework.CglibAopProxy$DynamicAdvisedInterceptor.intercept(Ljava/lang/Object;Ljava/lang/reflect/Method;[Ljava/lang/Object;Lorg/springframework/cglib/proxy/MethodProxy;)Ljava/lang/Object;+122
j  com.test.batch.reader.CustomerItemReader$$SpringCGLIB$$0.read()Ljava/lang/Object;+31
j  org.springframework.batch.core.step.item.SimpleChunkProvider.doRead()Ljava/lang/Object;+11
j  org.springframework.batch.core.step.item.SimpleChunkProvider.read(Lorg/springframework/batch/core/StepContribution;Lorg/springframework/batch/item/Chunk;)Ljava/lang/Object;+1
j  org.springframework.batch.core.step.item.SimpleChunkProvider.lambda$provide$0(Lorg/springframework/batch/core/StepContribution;Lorg/springframework/batch/item/Chunk;Lorg/springframework/batch/repeat/RepeatContext;)Lorg/springframework/batch/repeat/RepeatStatus;+15
j  org.springframework.batch.core.step.item.SimpleChunkProvider$$Lambda+0x0000000100c24ab8.doInIteration(Lorg/springframework/batch/repeat/RepeatContext;)Lorg/springframework/batch/repeat/RepeatStatus;+13
j  org.springframework.batch.repeat.support.RepeatTemplate.getNextResult(Lorg/springframework/batch/repeat/RepeatContext;Lorg/springframework/batch/repeat/RepeatCallback;Lorg/springframework/batch/repeat/support/RepeatInternalState;)Lorg/springframework/batch/repeat/RepeatStatus;+39
j  org.springframework.batch.repeat.support.RepeatTemplate.executeInternal(Lorg/springframework/batch/repeat/RepeatCallback;)Lorg/springframework/batch/repeat/RepeatStatus;+189
j  org.springframework.batch.repeat.support.RepeatTemplate.iterate(Lorg/springframework/batch/repeat/RepeatCallback;)Lorg/springframework/batch/repeat/RepeatStatus;+10
j  org.springframework.batch.core.step.item.SimpleChunkProvider.provide(Lorg/springframework/batch/core/StepContribution;)Lorg/springframework/batch/item/Chunk;+24
j  org.springframework.batch.core.step.item.ChunkOrientedTasklet.execute(Lorg/springframework/batch/core/StepContribution;Lorg/springframework/batch/core/scope/context/ChunkContext;)Lorg/springframework/batch/repeat/RepeatStatus;+19
j  org.springframework.batch.core.step.tasklet.TaskletStep$ChunkTransactionCallback.doInTransaction(Lorg/springframework/transaction/TransactionStatus;)Lorg/springframework/batch/repeat/RepeatStatus;+79
j  org.springframework.batch.core.step.tasklet.TaskletStep$ChunkTransactionCallback.doInTransaction(Lorg/springframework/transaction/TransactionStatus;)Ljava/lang/Object;+2
j  org.springframework.transaction.support.TransactionTemplate.execute(Lorg/springframework/transaction/support/TransactionCallback;)Ljava/lang/Object;+56
j  org.springframework.batch.core.step.tasklet.TaskletStep$2.doInChunkContext(Lorg/springframework/batch/repeat/RepeatContext;Lorg/springframework/batch/core/scope/context/ChunkContext;)Lorg/springframework/batch/repeat/RepeatStatus;+58
j  org.springframework.batch.core.scope.context.StepContextRepeatCallback.doInIteration(Lorg/springframework/batch/repeat/RepeatContext;)Lorg/springframework/batch/repeat/RepeatStatus;+102
j  org.springframework.batch.repeat.support.RepeatTemplate.getNextResult(Lorg/springframework/batch/repeat/RepeatContext;Lorg/springframework/batch/repeat/RepeatCallback;Lorg/springframework/batch/repeat/support/RepeatInternalState;)Lorg/springframework/batch/repeat/RepeatStatus;+39
j  org.springframework.batch.repeat.support.RepeatTemplate.executeInternal(Lorg/springframework/batch/repeat/RepeatCallback;)Lorg/springframework/batch/repeat/RepeatStatus;+189
j  org.springframework.batch.repeat.support.RepeatTemplate.iterate(Lorg/springframework/batch/repeat/RepeatCallback;)Lorg/springframework/batch/repeat/RepeatStatus;+10
j  org.springframework.batch.core.step.tasklet.TaskletStep.doExecute(Lorg/springframework/batch/core/StepExecution;)V+75
j  org.springframework.batch.core.step.AbstractStep.execute(Lorg/springframework/batch/core/StepExecution;)V+152
j  org.springframework.batch.core.job.SimpleStepHandler.handleStep(Lorg/springframework/batch/core/Step;Lorg/springframework/batch/core/JobExecution;)Lorg/springframework/batch/core/StepExecution;+252
j  org.springframework.batch.core.job.AbstractJob.handleStep(Lorg/springframework/batch/core/Step;Lorg/springframework/batch/core/JobExecution;)Lorg/springframework/batch/core/StepExecution;+6
j  org.springframework.batch.core.job.SimpleJob.doExecute(Lorg/springframework/batch/core/JobExecution;)V+36
j  org.springframework.batch.core.job.AbstractJob.execute(Lorg/springframework/batch/core/JobExecution;)V+199
j  org.springframework.batch.core.launch.support.SimpleJobLauncher$1.run()V+40
j  org.springframework.core.task.SyncTaskExecutor.execute(Ljava/lang/Runnable;)V+7
j  org.springframework.batch.core.launch.support.SimpleJobLauncher.run(Lorg/springframework/batch/core/Job;Lorg/springframework/batch/core/JobParameters;)Lorg/springframework/batch/core/JobExecution;+207
j  org.springframework.batch.core.launch.support.TaskExecutorJobLauncher.run(Lorg/springframework/batch/core/Job;Lorg/springframework/batch/core/JobParameters;)Lorg/springframework/batch/core/JobExecution;+3
j  com.test.batch.contoller.CustomerBatchController.startBatch()Lorg/springframework/http/ResponseEntity;+31
J 8463 c1 java.lang.invoke.DirectMethodHandle$Holder.invokeVirtual(Ljava/lang/Object;Ljava/lang/Object;)Ljava/lang/Object; java.base@21.0.3 (14 bytes) @ 0x00000230844ea5cc [0x00000230844ea540+0x000000000000008c]
J 5966 c1 java.lang.invoke.LambdaForm$MH+0x00000001000c1000.invoke(Ljava/lang/Object;Ljava/lang/Object;)Ljava/lang/Object; java.base@21.0.3 (35 bytes) @ 0x000002308450151c [0x0000023084501000+0x000000000000051c]
J 5965 c1 jdk.internal.reflect.DirectMethodHandleAccessor.invoke(Ljava/lang/Object;[Ljava/lang/Object;)Ljava/lang/Object; java.base@21.0.3 (92 bytes) @ 0x00000230844fc5c4 [0x00000230844fae60+0x0000000000001764]
J 4926 c1 java.lang.reflect.Method.invoke(Ljava/lang/Object;[Ljava/lang/Object;)Ljava/lang/Object; java.base@21.0.3 (108 bytes) @ 0x000002308438948c [0x0000023084389280+0x000000000000020c]
j  org.springframework.web.method.support.InvocableHandlerMethod.doInvoke([Ljava/lang/Object;)Ljava/lang/Object;+55
j  org.springframework.web.method.support.InvocableHandlerMethod.invokeForRequest(Lorg/springframework/web/context/request/NativeWebRequest;Lorg/springframework/web/method/support/ModelAndViewContainer;[Ljava/lang/Object;)Ljava/lang/Object;+82
j  org.springframework.web.servlet.mvc.method.annotation.ServletInvocableHandlerMethod.invokeAndHandle(Lorg/springframework/web/context/request/ServletWebRequest;Lorg/springframework/web/method/support/ModelAndViewContainer;[Ljava/lang/Object;)V+4
j  org.springframework.web.servlet.mvc.method.annotation.RequestMappingHandlerAdapter.invokeHandlerMethod(Ljakarta/servlet/http/HttpServletRequest;Ljakarta/servlet/http/HttpServletResponse;Lorg/springframework/web/method/HandlerMethod;)Lorg/springframework/web/servlet/ModelAndView;+309
j  org.springframework.web.servlet.mvc.method.annotation.RequestMappingHandlerAdapter.handleInternal(Ljakarta/servlet/http/HttpServletRequest;Ljakarta/servlet/http/HttpServletResponse;Lorg/springframework/web/method/HandlerMethod;)Lorg/springframework/web/servlet/ModelAndView;+81
j  org.springframework.web.servlet.mvc.method.AbstractHandlerMethodAdapter.handle(Ljakarta/servlet/http/HttpServletRequest;Ljakarta/servlet/http/HttpServletResponse;Ljava/lang/Object;)Lorg/springframework/web/servlet/ModelAndView;+7
j  org.springframework.web.servlet.DispatcherServlet.doDispatch(Ljakarta/servlet/http/HttpServletRequest;Ljakarta/servlet/http/HttpServletResponse;)V+304
j  org.springframework.web.servlet.DispatcherServlet.doService(Ljakarta/servlet/http/HttpServletRequest;Ljakarta/servlet/http/HttpServletResponse;)V+242
j  org.springframework.web.servlet.FrameworkServlet.processRequest(Ljakarta/servlet/http/HttpServletRequest;Ljakarta/servlet/http/HttpServletResponse;)V+70
j  org.springframework.web.servlet.FrameworkServlet.doGet(Ljakarta/servlet/http/HttpServletRequest;Ljakarta/servlet/http/HttpServletResponse;)V+3
j  jakarta.servlet.http.HttpServlet.service(Ljakarta/servlet/http/HttpServletRequest;Ljakarta/servlet/http/HttpServletResponse;)V+35
j  org.springframework.web.servlet.FrameworkServlet.service(Ljakarta/servlet/http/HttpServletRequest;Ljakarta/servlet/http/HttpServletResponse;)V+20
j  jakarta.servlet.http.HttpServlet.service(Ljakarta/servlet/ServletRequest;Ljakarta/servlet/ServletResponse;)V+37
j  org.apache.catalina.core.ApplicationFilterChain.internalDoFilter(Ljakarta/servlet/ServletRequest;Ljakarta/servlet/ServletResponse;)V+300
j  org.apache.catalina.core.ApplicationFilterChain.doFilter(Ljakarta/servlet/ServletRequest;Ljakarta/servlet/ServletResponse;)V+99
j  org.apache.tomcat.websocket.server.WsFilter.doFilter(Ljakarta/servlet/ServletRequest;Ljakarta/servlet/ServletResponse;Ljakarta/servlet/FilterChain;)V+21
j  org.apache.catalina.core.ApplicationFilterChain.internalDoFilter(Ljakarta/servlet/ServletRequest;Ljakarta/servlet/ServletResponse;)V+130
j  org.apache.catalina.core.ApplicationFilterChain.doFilter(Ljakarta/servlet/ServletRequest;Ljakarta/servlet/ServletResponse;)V+99
j  org.springframework.web.filter.RequestContextFilter.doFilterInternal(Ljakarta/servlet/http/HttpServletRequest;Ljakarta/servlet/http/HttpServletResponse;Ljakarta/servlet/FilterChain;)V+21
j  org.springframework.web.filter.OncePerRequestFilter.doFilter(Ljakarta/servlet/ServletRequest;Ljakarta/servlet/ServletResponse;Ljakarta/servlet/FilterChain;)V+150
j  org.apache.catalina.core.ApplicationFilterChain.internalDoFilter(Ljakarta/servlet/ServletRequest;Ljakarta/servlet/ServletResponse;)V+130
j  org.apache.catalina.core.ApplicationFilterChain.doFilter(Ljakarta/servlet/ServletRequest;Ljakarta/servlet/ServletResponse;)V+99
j  org.springframework.web.filter.FormContentFilter.doFilterInternal(Ljakarta/servlet/http/HttpServletRequest;Ljakarta/servlet/http/HttpServletResponse;Ljakarta/servlet/FilterChain;)V+38
j  org.springframework.web.filter.OncePerRequestFilter.doFilter(Ljakarta/servlet/ServletRequest;Ljakarta/servlet/ServletResponse;Ljakarta/servlet/FilterChain;)V+150
j  org.apache.catalina.core.ApplicationFilterChain.internalDoFilter(Ljakarta/servlet/ServletRequest;Ljakarta/servlet/ServletResponse;)V+130
j  org.apache.catalina.core.ApplicationFilterChain.doFilter(Ljakarta/servlet/ServletRequest;Ljakarta/servlet/ServletResponse;)V+99
j  org.springframework.web.filter.CharacterEncodingFilter.doFilterInternal(Ljakarta/servlet/http/HttpServletRequest;Ljakarta/servlet/http/HttpServletResponse;Ljakarta/servlet/FilterChain;)V+53
j  org.springframework.web.filter.OncePerRequestFilter.doFilter(Ljakarta/servlet/ServletRequest;Ljakarta/servlet/ServletResponse;Ljakarta/servlet/FilterChain;)V+150
j  org.apache.catalina.core.ApplicationFilterChain.internalDoFilter(Ljakarta/servlet/ServletRequest;Ljakarta/servlet/ServletResponse;)V+130
j  org.apache.catalina.core.ApplicationFilterChain.doFilter(Ljakarta/servlet/ServletRequest;Ljakarta/servlet/ServletResponse;)V+99
j  org.apache.catalina.core.StandardWrapperValve.invoke(Lorg/apache/catalina/connector/Request;Lorg/apache/catalina/connector/Response;)V+514
j  org.apache.catalina.core.StandardContextValve.invoke(Lorg/apache/catalina/connector/Request;Lorg/apache/catalina/connector/Response;)V+169
j  org.apache.catalina.authenticator.AuthenticatorBase.invoke(Lorg/apache/catalina/connector/Request;Lorg/apache/catalina/connector/Response;)V+221
j  org.apache.catalina.core.StandardHostValve.invoke(Lorg/apache/catalina/connector/Request;Lorg/apache/catalina/connector/Response;)V+131
j  org.apache.catalina.valves.ErrorReportValve.invoke(Lorg/apache/catalina/connector/Request;Lorg/apache/catalina/connector/Response;)V+6
j  org.apache.catalina.core.StandardEngineValve.invoke(Lorg/apache/catalina/connector/Request;Lorg/apache/catalina/connector/Response;)V+59
j  org.apache.catalina.connector.CoyoteAdapter.service(Lorg/apache/coyote/Request;Lorg/apache/coyote/Response;)V+188
j  org.apache.coyote.http11.Http11Processor.service(Lorg/apache/tomcat/util/net/SocketWrapperBase;)Lorg/apache/tomcat/util/net/AbstractEndpoint$Handler$SocketState;+796
j  org.apache.coyote.AbstractProcessorLight.process(Lorg/apache/tomcat/util/net/SocketWrapperBase;Lorg/apache/tomcat/util/net/SocketEvent;)Lorg/apache/tomcat/util/net/AbstractEndpoint$Handler$SocketState;+155
j  org.apache.coyote.AbstractProtocol$ConnectionHandler.process(Lorg/apache/tomcat/util/net/SocketWrapperBase;Lorg/apache/tomcat/util/net/SocketEvent;)Lorg/apache/tomcat/util/net/AbstractEndpoint$Handler$SocketState;+482
j  org.apache.tomcat.util.net.NioEndpoint$SocketProcessor.doRun()V+249
j  org.apache.tomcat.util.net.SocketProcessorBase.run()V+32
j  org.apache.tomcat.util.threads.ThreadPoolExecutor.runWorker(Lorg/apache/tomcat/util/threads/ThreadPoolExecutor$Worker;)V+92
j  org.apache.tomcat.util.threads.ThreadPoolExecutor$Worker.run()V+5
j  org.apache.tomcat.util.threads.TaskThread$WrappingRunnable.run()V+4
j  java.lang.Thread.runWith(Ljava/lang/Object;Ljava/lang/Runnable;)V+5 java.base@21.0.3
j  java.lang.Thread.run()V+19 java.base@21.0.3
v  ~StubRoutines::call_stub 0x000002308af7100d

siginfo: EXCEPTION_ACCESS_VIOLATION (0xc0000005), reading address 0x0000023348623ee8


Registers:
RAX=0x0000023093460000, RBX=0x00000230ffaace40, RCX=0x000000000000003e, RDX=0x0000000000000001
RSP=0x000000adc82fe1d0, RBP=0x000000adc82fe360, RSI=0x00000230a06153a0, RDI=0x00000015a8e1f77e
R8 =0x0000023348623ee8, R9 =0x00000230983ec4e0, R10=0x000002308af70000, R11=0x000000adc82fe3d8
R12=0x0000023097c17818, R13=0x0000023097aba780, R14=0x000002309c75ad40, R15=0x0000000000000000
RIP=0x00007ffd997d853e, EFLAGS=0x0000000000010202


Register to memory mapping:

RAX=0x0000023093460000 points into unknown readable memory: 0x0000000000000001 | 01 00 00 00 00 00 00 00
RBX=0x00000230ffaace40 points into unknown readable memory: 0x00007ffd99edd2b8 | b8 d2 ed 99 fd 7f 00 00
RCX=0x000000000000003e is an unknown value
RDX=0x0000000000000001 is an unknown value
RSP=0x000000adc82fe1d0 points into unknown readable memory: 0x00000230848467d4 | d4 67 84 84 30 02 00 00
RBP=0x000000adc82fe360 points into unknown readable memory: 0x000000ad00000000 | 00 00 00 00 ad 00 00 00
RSI=0x00000230a06153a0 points into unknown readable memory: 0x000000adc73ff410 | 10 f4 3f c7 ad 00 00 00
RDI=0x00000015a8e1f77e is an unknown value
R8 =0x0000023348623ee8 is an unknown value
R9 =0x00000230983ec4e0 is pointing into metadata
R10=0x000002308af70000 points into unknown readable memory: 0x0000000000000006 | 06 00 00 00 00 00 00 00
R11=0x000000adc82fe3d8 points into unknown readable memory: 0x00007ffd997d29ad | ad 29 7d 99 fd 7f 00 00
R12=0x0000023097c17818 points into unknown readable memory: 0x4c2800432cabffff | ff ff ab 2c 43 00 28 4c
R13=0x0000023097aba780 points into unknown readable memory: 0x0000000000000000 | 00 00 00 00 00 00 00 00
R14=0x000002309c75ad40 points into unknown readable memory: 0x0000000200000002 | 02 00 00 00 02 00 00 00
R15=0x0 is null

Top of Stack: (sp=0x000000adc82fe1d0)
0x000000adc82fe1d0:   00000230848467d4 000002309804da2b
0x000000adc82fe1e0:   00000230a06153a0 00007ffd997fe192
0x000000adc82fe1f0:   000000adc8efbbf0 00007ffd997fe229
0x000000adc82fe200:   000000adc8efbbf0 000000adc82fe530
0x000000adc82fe210:   0000000000000010 00007ffd99b770c9
0x000000adc82fe220:   00000230a06153a0 00007ffd997fe192
0x000000adc82fe230:   000000adc82fe2f0 000000adc82fe530
0x000000adc82fe240:   000000adc82fe530 0000000000000000
0x000000adc82fe250:   0000000000000001 00007ffd997d2f5b
0x000000adc82fe260:   00000230a0615950 00000230983f24a0
0x000000adc82fe270:   00000230a0615950 000000adc82fe530
0x000000adc82fe280:   0000000a00000001 00000230983f24a0
0x000000adc82fe290:   000002309c7fe7f0 0000023000000003
0x000000adc82fe2a0:   00000000000003d8 0000023097aba790
0x000000adc82fe2b0:   0000023097abab68 00000230983f2492
0x000000adc82fe2c0:   000000ad000000b8 00000230983f24a0
0x000000adc82fe2d0:   00007ffd99ed8fa0 000000adc82fe530
0x000000adc82fe2e0:   00000230a0615950 0000000400000003
0x000000adc82fe2f0:   0000023097c17818 0000001300000001
0x000000adc82fe300:   0000000000000043 000000010000000c
0x000000adc82fe310:   00000230978c4228 0000000000000000
0x000000adc82fe320:   000000adc82fe410 000002300000000a
0x000000adc82fe330:   0000000700000005 0000ffff09986a00
0x000000adc82fe340:   0000000083a92378 00007ffd997fe229
0x000000adc82fe350:   0000000083a92378 00000006c82f0013
0x000000adc82fe360:   000000ad00000000 0000000000000015
0x000000adc82fe370:   00000230a06153a0 00007ffd997fe192
0x000000adc82fe380:   0000000000000000 0000000000000003
0x000000adc82fe390:   00008d6a4647c359 00007ffd99666bd7
0x000000adc82fe3a0:   00000230a0615950 00000000000003d8
0x000000adc82fe3b0:   0000023097abab68 000000adc82fe530
0x000000adc82fe3c0:   000000adc82ffa20 00007ffd99d14c70 

Instructions: (pc=0x00007ffd997d853e)
0x00007ffd997d843e:   38 f0 4c 01 04 c8 48 c7 42 08 00 00 00 00 44 89
0x00007ffd997d844e:   12 49 ff 41 58 4c 01 5a 08 e9 4a ff ff ff 49 ff
0x00007ffd997d845e:   41 50 4c 01 5a 08 e9 3d ff ff ff cc cc cc cc cc
0x00007ffd997d846e:   cc cc 48 89 5c 24 08 57 48 83 ec 20 48 8b 01 48
0x00007ffd997d847e:   8b fa 48 8b d9 ff 50 08 4c 8b c8 48 85 c0 74 66
0x00007ffd997d848e:   4c 8b 40 10 4c 2b 00 48 c7 40 28 00 00 00 00 4c
0x00007ffd997d849e:   89 43 18 48 8b 50 10 48 8b 48 08 48 8b c7 48 2b
0x00007ffd997d84ae:   ca 48 c1 e9 03 48 3b cf 48 0f 42 c1 48 3b c7 72
0x00007ffd997d84be:   1e 48 8d 04 c2 49 89 41 10 90 ff 43 10 48 8b c2
0x00007ffd997d84ce:   4c 89 4b 08 48 8b 5c 24 30 48 83 c4 20 5f c3 33
0x00007ffd997d84de:   d2 90 ff 43 10 8b c2 4c 89 4b 08 48 8b 5c 24 30
0x00007ffd997d84ee:   48 83 c4 20 5f c3 48 8b 5c 24 30 48 83 c4 20 5f
0x00007ffd997d84fe:   c3 cc 48 89 5c 24 08 57 48 83 ec 20 48 8b 01 48
0x00007ffd997d850e:   8b fa 48 8b d9 ff 10 48 2b 7b 08 8b 4b 18 48 8b
0x00007ffd997d851e:   43 20 48 c1 ef 03 48 d3 ef 40 0f b6 cf 48 8b d7
0x00007ffd997d852e:   48 c1 ea 06 80 e1 3f 4c 8d 04 d0 ba 01 00 00 00
0x00007ffd997d853e:   49 8b 00 48 d3 e2 48 8b c8 48 0b ca 48 3b c8 74
0x00007ffd997d854e:   13 90 f0 49 0f b1 08 74 18 48 8b c8 48 0b ca 48
0x00007ffd997d855e:   3b c8 75 ee 32 c0 48 8b 5c 24 30 48 83 c4 20 5f
0x00007ffd997d856e:   c3 48 8b 5c 24 30 b0 01 48 83 c4 20 5f c3 cc cc
0x00007ffd997d857e:   cc cc 48 89 5c 24 08 57 48 83 ec 20 4c 8b 41 30
0x00007ffd997d858e:   48 8b da 48 8b f9 45 8b 88 80 00 00 00 41 8b 80
0x00007ffd997d859e:   00 01 00 00 41 8b d1 2b d0 81 e2 ff ff 01 00 81
0x00007ffd997d85ae:   fa fe ff 01 00 73 26 49 8b 80 80 01 00 00 4a 89
0x00007ffd997d85be:   1c c8 41 8d 41 01 25 ff ff 01 00 41 89 80 80 00
0x00007ffd997d85ce:   00 00 48 8b 5c 24 30 48 83 c4 20 5f c3 e8 f0 94
0x00007ffd997d85de:   01 00 48 8b 57 30 44 8b 82 80 00 00 00 8b 82 00
0x00007ffd997d85ee:   01 00 00 41 8b c8 2b c8 81 e1 ff ff 01 00 81 f9
0x00007ffd997d85fe:   fe ff 01 00 73 1a 48 8b 82 80 01 00 00 4a 89 1c
0x00007ffd997d860e:   c0 41 8d 40 01 25 ff ff 01 00 89 82 80 00 00 00
0x00007ffd997d861e:   48 8b 5c 24 30 48 83 c4 20 5f c3 cc cc cc cc cc
0x00007ffd997d862e:   cc cc 48 89 5c 24 08 57 48 83 ec 20 48 8b 79 08 


Stack slot to memory mapping:

stack at sp + 0 slots: 0x00000230848467d4 is at entry_point+5428 in (nmethod*)0x0000023084844f10
Compiled method (c1)  448660 9549   !   3       java.util.concurrent.locks.AbstractQueuedSynchronizer$ConditionObject::await (185 bytes)
 total in heap  [0x0000023084844f10,0x0000023084846fa0] = 8336
 relocation     [0x0000023084845070,0x0000023084845290] = 544
 main code      [0x00000230848452a0,0x00000230848466d0] = 5168
 stub code      [0x00000230848466d0,0x00000230848467e0] = 272
 metadata       [0x00000230848467e0,0x0000023084846848] = 104
 scopes data    [0x0000023084846848,0x0000023084846b20] = 728
 scopes pcs     [0x0000023084846b20,0x0000023084846e70] = 848
 dependencies   [0x0000023084846e70,0x0000023084846e98] = 40
 handler table  [0x0000023084846e98,0x0000023084846f50] = 184
 nul chk table  [0x0000023084846f50,0x0000023084846fa0] = 80
stack at sp + 1 slots: 0x000002309804da2b is pointing into metadata
stack at sp + 2 slots: 0x00000230a06153a0 points into unknown readable memory: 0x000000adc73ff410 | 10 f4 3f c7 ad 00 00 00
stack at sp + 3 slots: 0x00007ffd997fe192 jvm.dll
stack at sp + 4 slots: 0x000000adc8efbbf0 is pointing into the stack for thread: 0x00000230a096a840
stack at sp + 5 slots: 0x00007ffd997fe229 jvm.dll
stack at sp + 6 slots: 0x000000adc8efbbf0 is pointing into the stack for thread: 0x00000230a096a840
stack at sp + 7 slots: 0x000000adc82fe530 points into unknown readable memory: 0x000000adc8efbbe8 | e8 bb ef c8 ad 00 00 00


---------------  P R O C E S S  ---------------

Threads class SMR info:
_java_thread_list=0x00000230a1331d50, length=20, elements={
0x0000023097ab54c0, 0x0000023097ab86b0, 0x0000023097ab8e80, 0x0000023097ab94f0,
0x0000023097abdb70, 0x0000023097ac01f0, 0x0000023097a8fc30, 0x0000023097a922f0,
0x0000023097bf60d0, 0x0000023097e13460, 0x0000023097e0d570, 0x0000023097e0dbf0,
0x000002309c5bec80, 0x00000230a199d5e0, 0x000002309e734c90, 0x00000230a096d630,
0x00000230a096aed0, 0x00000230a096b560, 0x00000230a096a840, 0x00000230a0614d10
}

Java Threads: ( => current thread )
  0x0000023097ab54c0 JavaThread "Reference Handler"          daemon [_thread_blocked, id=15468, stack(0x000000adc7400000,0x000000adc7500000) (1024K)]
  0x0000023097ab86b0 JavaThread "Finalizer"                  daemon [_thread_blocked, id=12548, stack(0x000000adc7500000,0x000000adc7600000) (1024K)]
  0x0000023097ab8e80 JavaThread "Signal Dispatcher"          daemon [_thread_blocked, id=13620, stack(0x000000adc7600000,0x000000adc7700000) (1024K)]
  0x0000023097ab94f0 JavaThread "Attach Listener"            daemon [_thread_blocked, id=16756, stack(0x000000adc7700000,0x000000adc7800000) (1024K)]
  0x0000023097abdb70 JavaThread "Service Thread"             daemon [_thread_blocked, id=11436, stack(0x000000adc7800000,0x000000adc7900000) (1024K)]
  0x0000023097ac01f0 JavaThread "Monitor Deflation Thread"   daemon [_thread_blocked, id=14040, stack(0x000000adc7900000,0x000000adc7a00000) (1024K)]
  0x0000023097a8fc30 JavaThread "C2 CompilerThread0"         daemon [_thread_blocked, id=3888, stack(0x000000adc7a00000,0x000000adc7b00000) (1024K)]
  0x0000023097a922f0 JavaThread "C1 CompilerThread0"         daemon [_thread_blocked, id=1084, stack(0x000000adc7b00000,0x000000adc7c00000) (1024K)]
  0x0000023097bf60d0 JavaThread "Common-Cleaner"             daemon [_thread_blocked, id=12560, stack(0x000000adc7c00000,0x000000adc7d00000) (1024K)]
  0x0000023097e13460 JavaThread "JDWP Transport Listener: dt_socket" daemon [_thread_blocked, id=10408, stack(0x000000adc7d00000,0x000000adc7e00000) (1024K)]
  0x0000023097e0d570 JavaThread "JDWP Event Helper Thread"   daemon [_thread_blocked, id=3396, stack(0x000000adc7e00000,0x000000adc7f00000) (1024K)]
  0x0000023097e0dbf0 JavaThread "JDWP Command Reader"        daemon [_thread_blocked, id=5032, stack(0x000000adc7f00000,0x000000adc8000000) (1024K)]
  0x000002309c5bec80 JavaThread "Notification Thread"        daemon [_thread_blocked, id=17336, stack(0x000000adc8100000,0x000000adc8200000) (1024K)]
  0x00000230a199d5e0 JavaThread "mysql-cj-abandoned-connection-cleanup" daemon [_thread_blocked, id=18320, stack(0x000000adc8a00000,0x000000adc8b00000) (1024K)]
  0x000002309e734c90 JavaThread "Live Reload Server"         daemon [_thread_in_native, id=7552, stack(0x000000adc9000000,0x000000adc9100000) (1024K)]
  0x00000230a096d630 JavaThread "DestroyJavaVM"                     [_thread_blocked, id=5460, stack(0x000000adc6c00000,0x000000adc6d00000) (1024K)]
  0x00000230a096aed0 JavaThread "Catalina-utility-1"                [_thread_blocked, id=9352, stack(0x000000adc8600000,0x000000adc8700000) (1024K)]
  0x00000230a096b560 JavaThread "Catalina-utility-2"                [_thread_blocked, id=18420, stack(0x000000adc8700000,0x000000adc8800000) (1024K)]
  0x00000230a096a840 JavaThread "http-nio-8080-exec-1"       daemon [_thread_blocked, id=440, stack(0x000000adc8e00000,0x000000adc8f00000) (1024K)]
  0x00000230a0614d10 JavaThread "Thread-7"                          [_thread_blocked, id=12116, stack(0x000000adc6a00000,0x000000adc6b00000) (1024K)]
Total: 20

Other Threads:
  0x0000023097a23f10 VMThread "VM Thread"                           [id=18360, stack(0x000000adc7300000,0x000000adc7400000) (1024K)]
  0x00000230979a2160 WatcherThread "VM Periodic Task Thread"        [id=9276, stack(0x000000adc7200000,0x000000adc7300000) (1024K)]
  0x00000230ffaac740 WorkerThread "GC Thread#0"                     [id=8152, stack(0x000000adc6d00000,0x000000adc6e00000) (1024K)]
=>0x000002309c7fe7f0 WorkerThread "GC Thread#1"                     [id=5680, stack(0x000000adc8200000,0x000000adc8300000) (1024K)]
  0x000002309c727f40 WorkerThread "GC Thread#2"                     [id=12148, stack(0x000000adc8300000,0x000000adc8400000) (1024K)]
  0x000002309c060c90 WorkerThread "GC Thread#3"                     [id=1324, stack(0x000000adc8400000,0x000000adc8500000) (1024K)]
  0x00000230ffabd510 ConcurrentGCThread "G1 Main Marker"            [id=17044, stack(0x000000adc6e00000,0x000000adc6f00000) (1024K)]
  0x00000230ffabe7b0 WorkerThread "G1 Conc#0"                       [id=1248, stack(0x000000adc6f00000,0x000000adc7000000) (1024K)]
  0x00000230ffb0d570 ConcurrentGCThread "G1 Refine#0"               [id=10508, stack(0x000000adc7000000,0x000000adc7100000) (1024K)]
  0x00000230978624d0 ConcurrentGCThread "G1 Service"                [id=13908, stack(0x000000adc7100000,0x000000adc7200000) (1024K)]
Total: 10

Threads with active compile tasks:
Total: 0

VM state: at safepoint (normal execution)

VM Mutex/Monitor currently owned by a thread:  ([mutex/lock_event])
[0x00007ffd9a162128] Threads_lock - owner thread: 0x0000023097a23f10
[0x00007ffd9a162228] Heap_lock - owner thread: 0x00000230a0614d10

Heap address: 0x0000000081e00000, size: 2018 MB, Compressed Oops mode: 32-bit

CDS archive(s) not mapped
Compressed class space mapped at: 0x0000000100000000-0x0000000140000000, reserved size: 1073741824
Narrow klass base: 0x0000000000000000, Narrow klass shift: 3, Narrow klass range: 0x140000000

GC Precious Log:
 CardTable entry size: 512
 Card Set container configuration: InlinePtr #cards 5 size 8 Array Of Cards #cards 12 size 40 Howl #buckets 4 coarsen threshold 1843 Howl Bitmap #cards 512 size 80 coarsen threshold 460 Card regions per heap region 1 cards per card region 2048
 CPUs: 4 total, 4 available
 Memory: 8066M
 Large Page Support: Disabled
 NUMA Support: Disabled
 Compressed Oops: Enabled (32-bit)
 Heap Region Size: 1M
 Heap Min Capacity: 8M
 Heap Initial Capacity: 128M
 Heap Max Capacity: 2018M
 Pre-touch: Disabled
 Parallel Workers: 4
 Concurrent Workers: 1
 Concurrent Refinement Workers: 4
 Periodic GC: Disabled

Heap:
 garbage-first heap   total 89088K, used 51680K [0x0000000081e00000, 0x0000000100000000)
  region size 1024K, 18 young (18432K), 4 survivors (4096K)
 Metaspace       used 95969K, committed 96768K, reserved 1179648K
  class space    used 12249K, committed 12608K, reserved 1048576K

Heap Regions: E=young(eden), S=young(survivor), O=old, HS=humongous(starts), HC=humongous(continues), CS=collection set, F=free, TAMS=top-at-mark-start, PB=parsable bottom
|   0|0x0000000081e00000, 0x0000000081f00000, 0x0000000081f00000|100%|HS|  |TAMS 0x0000000081e00000| PB 0x0000000081e00000| Untracked 
|   1|0x0000000081f00000, 0x0000000082000000, 0x0000000082000000|100%| O|  |TAMS 0x0000000081f00000| PB 0x0000000081f00000| Untracked 
|   2|0x0000000082000000, 0x00000000820f8e18, 0x0000000082100000| 97%| O|  |TAMS 0x0000000082000000| PB 0x0000000082000000| Untracked 
|   3|0x0000000082100000, 0x00000000821fffe8, 0x0000000082200000| 99%| O|  |TAMS 0x0000000082100000| PB 0x0000000082100000| Untracked 
|   4|0x0000000082200000, 0x00000000822ffff8, 0x0000000082300000| 99%| O|  |TAMS 0x0000000082200000| PB 0x0000000082200000| Untracked 
|   5|0x0000000082300000, 0x00000000823ffff0, 0x0000000082400000| 99%| O|  |TAMS 0x0000000082300000| PB 0x0000000082300000| Untracked 
|   6|0x0000000082400000, 0x00000000824f6810, 0x0000000082500000| 96%| O|  |TAMS 0x0000000082400000| PB 0x0000000082400000| Untracked 
|   7|0x0000000082500000, 0x0000000082600000, 0x0000000082600000|100%| O|  |TAMS 0x0000000082500000| PB 0x0000000082500000| Untracked 
|   8|0x0000000082600000, 0x0000000082700000, 0x0000000082700000|100%| O|  |TAMS 0x0000000082600000| PB 0x0000000082600000| Untracked 
|   9|0x0000000082700000, 0x00000000827fffc8, 0x0000000082800000| 99%| O|  |TAMS 0x0000000082700000| PB 0x0000000082700000| Untracked 
|  10|0x0000000082800000, 0x00000000828ff098, 0x0000000082900000| 99%| O|  |TAMS 0x0000000082800000| PB 0x0000000082800000| Untracked 
|  11|0x0000000082900000, 0x00000000829fffe8, 0x0000000082a00000| 99%| O|  |TAMS 0x0000000082900000| PB 0x0000000082900000| Untracked 
|  12|0x0000000082a00000, 0x0000000082affff8, 0x0000000082b00000| 99%| O|  |TAMS 0x0000000082a00000| PB 0x0000000082a00000| Untracked 
|  13|0x0000000082b00000, 0x0000000082bffff8, 0x0000000082c00000| 99%| O|  |TAMS 0x0000000082b00000| PB 0x0000000082b00000| Untracked 
|  14|0x0000000082c00000, 0x0000000082cfcb98, 0x0000000082d00000| 98%| O|  |TAMS 0x0000000082c00000| PB 0x0000000082c00000| Untracked 
|  15|0x0000000082d00000, 0x0000000082dffff0, 0x0000000082e00000| 99%| O|  |TAMS 0x0000000082d00000| PB 0x0000000082d00000| Untracked 
|  16|0x0000000082e00000, 0x0000000082efffd0, 0x0000000082f00000| 99%| O|  |TAMS 0x0000000082e00000| PB 0x0000000082e00000| Untracked 
|  17|0x0000000082f00000, 0x0000000082ffffe8, 0x0000000083000000| 99%| O|  |TAMS 0x0000000082f00000| PB 0x0000000082f00000| Untracked 
|  18|0x0000000083000000, 0x0000000083100000, 0x0000000083100000|100%| O|  |TAMS 0x0000000083000000| PB 0x0000000083000000| Untracked 
|  19|0x0000000083100000, 0x0000000083200000, 0x0000000083200000|100%| O|  |TAMS 0x0000000083100000| PB 0x0000000083100000| Untracked 
|  20|0x0000000083200000, 0x00000000832fffe8, 0x0000000083300000| 99%| O|  |TAMS 0x0000000083200000| PB 0x0000000083200000| Untracked 
|  21|0x0000000083300000, 0x0000000083400000, 0x0000000083400000|100%| O|  |TAMS 0x0000000083300000| PB 0x0000000083300000| Untracked 
|  22|0x0000000083400000, 0x0000000083500000, 0x0000000083500000|100%| O|  |TAMS 0x0000000083400000| PB 0x0000000083400000| Untracked 
|  23|0x0000000083500000, 0x0000000083600000, 0x0000000083600000|100%| O|  |TAMS 0x0000000083500000| PB 0x0000000083500000| Untracked 
|  24|0x0000000083600000, 0x00000000836fff70, 0x0000000083700000| 99%| O|  |TAMS 0x0000000083600000| PB 0x0000000083600000| Untracked 
|  25|0x0000000083700000, 0x00000000837ffff8, 0x0000000083800000| 99%| O|  |TAMS 0x0000000083700000| PB 0x0000000083700000| Untracked 
|  26|0x0000000083800000, 0x0000000083900000, 0x0000000083900000|100%| O|  |TAMS 0x0000000083800000| PB 0x0000000083800000| Untracked 
|  27|0x0000000083900000, 0x0000000083a00000, 0x0000000083a00000|100%| O|  |TAMS 0x0000000083900000| PB 0x0000000083900000| Untracked 
|  28|0x0000000083a00000, 0x0000000083afffd0, 0x0000000083b00000| 99%| O|  |TAMS 0x0000000083a00000| PB 0x0000000083a00000| Untracked 
|  29|0x0000000083b00000, 0x0000000083b164a8, 0x0000000083c00000|  8%| O|  |TAMS 0x0000000083b00000| PB 0x0000000083b00000| Untracked 
|  30|0x0000000083c00000, 0x0000000083cd81b8, 0x0000000083d00000| 84%| O|  |TAMS 0x0000000083c00000| PB 0x0000000083c00000| Untracked 
|  31|0x0000000083d00000, 0x0000000083d94010, 0x0000000083e00000| 57%| O|  |TAMS 0x0000000083d00000| PB 0x0000000083d00000| Untracked 
|  32|0x0000000083e00000, 0x0000000083f00000, 0x0000000083f00000|100%| O|  |TAMS 0x0000000083e00000| PB 0x0000000083e00000| Untracked 
|  33|0x0000000083f00000, 0x0000000084000000, 0x0000000084000000|100%| O|  |TAMS 0x0000000083f00000| PB 0x0000000083f00000| Untracked 
|  34|0x0000000084000000, 0x00000000840ce488, 0x0000000084100000| 80%| O|  |TAMS 0x0000000084000000| PB 0x0000000084000000| Untracked 
|  35|0x0000000084100000, 0x0000000084100000, 0x0000000084200000|  0%| F|  |TAMS 0x0000000084100000| PB 0x0000000084100000| Untracked 
|  36|0x0000000084200000, 0x0000000084200000, 0x0000000084300000|  0%| F|  |TAMS 0x0000000084200000| PB 0x0000000084200000| Untracked 
|  37|0x0000000084300000, 0x0000000084300000, 0x0000000084400000|  0%| F|  |TAMS 0x0000000084300000| PB 0x0000000084300000| Untracked 
|  38|0x0000000084400000, 0x0000000084400000, 0x0000000084500000|  0%| F|  |TAMS 0x0000000084400000| PB 0x0000000084400000| Untracked 
|  39|0x0000000084500000, 0x0000000084500000, 0x0000000084600000|  0%| F|  |TAMS 0x0000000084500000| PB 0x0000000084500000| Untracked 
|  40|0x0000000084600000, 0x0000000084600000, 0x0000000084700000|  0%| F|  |TAMS 0x0000000084600000| PB 0x0000000084600000| Untracked 
|  41|0x0000000084700000, 0x00000000847f5f50, 0x0000000084800000| 96%| S|  |TAMS 0x0000000084700000| PB 0x0000000084700000| Complete 
|  42|0x0000000084800000, 0x0000000084900000, 0x0000000084900000|100%| S|  |TAMS 0x0000000084800000| PB 0x0000000084800000| Complete 
|  43|0x0000000084900000, 0x0000000084a00000, 0x0000000084a00000|100%| S|  |TAMS 0x0000000084900000| PB 0x0000000084900000| Complete 
|  44|0x0000000084a00000, 0x0000000084b00000, 0x0000000084b00000|100%| S|  |TAMS 0x0000000084a00000| PB 0x0000000084a00000| Complete 
|  45|0x0000000084b00000, 0x0000000084b00000, 0x0000000084c00000|  0%| F|  |TAMS 0x0000000084b00000| PB 0x0000000084b00000| Untracked 
|  46|0x0000000084c00000, 0x0000000084c00000, 0x0000000084d00000|  0%| F|  |TAMS 0x0000000084c00000| PB 0x0000000084c00000| Untracked 
|  47|0x0000000084d00000, 0x0000000084d00000, 0x0000000084e00000|  0%| F|  |TAMS 0x0000000084d00000| PB 0x0000000084d00000| Untracked 
|  48|0x0000000084e00000, 0x0000000084e00000, 0x0000000084f00000|  0%| F|  |TAMS 0x0000000084e00000| PB 0x0000000084e00000| Untracked 
|  49|0x0000000084f00000, 0x0000000084f00000, 0x0000000085000000|  0%| F|  |TAMS 0x0000000084f00000| PB 0x0000000084f00000| Untracked 
|  50|0x0000000085000000, 0x0000000085000000, 0x0000000085100000|  0%| F|  |TAMS 0x0000000085000000| PB 0x0000000085000000| Untracked 
|  51|0x0000000085100000, 0x0000000085100000, 0x0000000085200000|  0%| F|  |TAMS 0x0000000085100000| PB 0x0000000085100000| Untracked 
|  52|0x0000000085200000, 0x0000000085200000, 0x0000000085300000|  0%| F|  |TAMS 0x0000000085200000| PB 0x0000000085200000| Untracked 
|  53|0x0000000085300000, 0x0000000085300000, 0x0000000085400000|  0%| F|  |TAMS 0x0000000085300000| PB 0x0000000085300000| Untracked 
|  54|0x0000000085400000, 0x0000000085400000, 0x0000000085500000|  0%| F|  |TAMS 0x0000000085400000| PB 0x0000000085400000| Untracked 
|  55|0x0000000085500000, 0x0000000085500000, 0x0000000085600000|  0%| F|  |TAMS 0x0000000085500000| PB 0x0000000085500000| Untracked 
|  56|0x0000000085600000, 0x0000000085600000, 0x0000000085700000|  0%| F|  |TAMS 0x0000000085600000| PB 0x0000000085600000| Untracked 
|  57|0x0000000085700000, 0x0000000085700000, 0x0000000085800000|  0%| F|  |TAMS 0x0000000085700000| PB 0x0000000085700000| Untracked 
|  58|0x0000000085800000, 0x0000000085800000, 0x0000000085900000|  0%| F|  |TAMS 0x0000000085800000| PB 0x0000000085800000| Untracked 
|  59|0x0000000085900000, 0x0000000085900000, 0x0000000085a00000|  0%| F|  |TAMS 0x0000000085900000| PB 0x0000000085900000| Untracked 
|  60|0x0000000085a00000, 0x0000000085a00000, 0x0000000085b00000|  0%| F|  |TAMS 0x0000000085a00000| PB 0x0000000085a00000| Untracked 
|  61|0x0000000085b00000, 0x0000000085b00000, 0x0000000085c00000|  0%| F|  |TAMS 0x0000000085b00000| PB 0x0000000085b00000| Untracked 
|  62|0x0000000085c00000, 0x0000000085c00000, 0x0000000085d00000|  0%| F|  |TAMS 0x0000000085c00000| PB 0x0000000085c00000| Untracked 
|  63|0x0000000085d00000, 0x0000000085d00000, 0x0000000085e00000|  0%| F|  |TAMS 0x0000000085d00000| PB 0x0000000085d00000| Untracked 
|  64|0x0000000085e00000, 0x0000000085e00000, 0x0000000085f00000|  0%| F|  |TAMS 0x0000000085e00000| PB 0x0000000085e00000| Untracked 
|  65|0x0000000085f00000, 0x0000000085f00000, 0x0000000086000000|  0%| F|  |TAMS 0x0000000085f00000| PB 0x0000000085f00000| Untracked 
|  66|0x0000000086000000, 0x0000000086000000, 0x0000000086100000|  0%| F|  |TAMS 0x0000000086000000| PB 0x0000000086000000| Untracked 
|  67|0x0000000086100000, 0x0000000086100000, 0x0000000086200000|  0%| F|  |TAMS 0x0000000086100000| PB 0x0000000086100000| Untracked 
|  68|0x0000000086200000, 0x0000000086200000, 0x0000000086300000|  0%| F|  |TAMS 0x0000000086200000| PB 0x0000000086200000| Untracked 
|  69|0x0000000086300000, 0x0000000086300000, 0x0000000086400000|  0%| F|  |TAMS 0x0000000086300000| PB 0x0000000086300000| Untracked 
|  70|0x0000000086400000, 0x0000000086400000, 0x0000000086500000|  0%| F|  |TAMS 0x0000000086400000| PB 0x0000000086400000| Untracked 
|  71|0x0000000086500000, 0x0000000086500000, 0x0000000086600000|  0%| F|  |TAMS 0x0000000086500000| PB 0x0000000086500000| Untracked 
|  72|0x0000000086600000, 0x0000000086600000, 0x0000000086700000|  0%| F|  |TAMS 0x0000000086600000| PB 0x0000000086600000| Untracked 
|  73|0x0000000086700000, 0x0000000086746820, 0x0000000086800000| 27%| E|  |TAMS 0x0000000086700000| PB 0x0000000086700000| Complete 
|  74|0x0000000086800000, 0x0000000086900000, 0x0000000086900000|100%| E|  |TAMS 0x0000000086800000| PB 0x0000000086800000| Complete 
|  75|0x0000000086900000, 0x0000000086a00000, 0x0000000086a00000|100%| E|  |TAMS 0x0000000086900000| PB 0x0000000086900000| Complete 
|  76|0x0000000086a00000, 0x0000000086b00000, 0x0000000086b00000|100%| E|  |TAMS 0x0000000086a00000| PB 0x0000000086a00000| Complete 
|  77|0x0000000086b00000, 0x0000000086c00000, 0x0000000086c00000|100%| E|  |TAMS 0x0000000086b00000| PB 0x0000000086b00000| Complete 
|  78|0x0000000086c00000, 0x0000000086d00000, 0x0000000086d00000|100%| E|  |TAMS 0x0000000086c00000| PB 0x0000000086c00000| Complete 
|  79|0x0000000086d00000, 0x0000000086e00000, 0x0000000086e00000|100%| E|  |TAMS 0x0000000086d00000| PB 0x0000000086d00000| Complete 
|  80|0x0000000086e00000, 0x0000000086f00000, 0x0000000086f00000|100%| E|  |TAMS 0x0000000086e00000| PB 0x0000000086e00000| Complete 
|  81|0x0000000086f00000, 0x0000000087000000, 0x0000000087000000|100%| E|  |TAMS 0x0000000086f00000| PB 0x0000000086f00000| Complete 
|  82|0x0000000087000000, 0x0000000087100000, 0x0000000087100000|100%| E|  |TAMS 0x0000000087000000| PB 0x0000000087000000| Complete 
|  83|0x0000000087100000, 0x0000000087200000, 0x0000000087200000|100%| E|  |TAMS 0x0000000087100000| PB 0x0000000087100000| Complete 
| 103|0x0000000088500000, 0x0000000088600000, 0x0000000088600000|100%| E|  |TAMS 0x0000000088500000| PB 0x0000000088500000| Complete 
| 104|0x0000000088600000, 0x0000000088700000, 0x0000000088700000|100%| E|  |TAMS 0x0000000088600000| PB 0x0000000088600000| Complete 
| 105|0x0000000088700000, 0x0000000088800000, 0x0000000088800000|100%| E|  |TAMS 0x0000000088700000| PB 0x0000000088700000| Complete 

Card table byte_map: [0x0000023093060000,0x0000023093460000] _byte_map_base: 0x0000023092c51000

Marking Bits: (CMBitMap*) 0x00000230ffaace40
 Bits: [0x0000023093460000, 0x00000230953e8000)

Polling page: 0x00000230ffb10000

Metaspace:

Usage:
  Non-class:     81.76 MB used.
      Class:     11.96 MB used.
       Both:     93.72 MB used.

Virtual space:
  Non-class space:      128.00 MB reserved,      82.19 MB ( 64%) committed,  2 nodes.
      Class space:        1.00 GB reserved,      12.31 MB (  1%) committed,  1 nodes.
             Both:        1.12 GB reserved,      94.50 MB (  8%) committed. 

Chunk freelists:
   Non-Class:  13.76 MB
       Class:  3.50 MB
        Both:  17.27 MB

MaxMetaspaceSize: unlimited
CompressedClassSpaceSize: 1.00 GB
Initial GC threshold: 21.00 MB
Current GC threshold: 154.38 MB
CDS: off
 - commit_granule_bytes: 65536.
 - commit_granule_words: 8192.
 - virtual_space_node_default_size: 8388608.
 - enlarge_chunks_in_place: 1.
 - use_allocation_guard: 0.


Internal statistics:

num_allocs_failed_limit: 9.
num_arena_births: 1176.
num_arena_deaths: 2.
num_vsnodes_births: 3.
num_vsnodes_deaths: 0.
num_space_committed: 1512.
num_space_uncommitted: 0.
num_chunks_returned_to_freelist: 12.
num_chunks_taken_from_freelist: 4247.
num_chunk_merges: 6.
num_chunk_splits: 3033.
num_chunks_enlarged: 2330.
num_inconsistent_stats: 0.

CodeHeap 'non-profiled nmethods': size=120000Kb used=5399Kb max_used=5399Kb free=114600Kb
 bounds [0x000002308b510000, 0x000002308ba60000, 0x0000023092a40000]
CodeHeap 'profiled nmethods': size=120000Kb used=14803Kb max_used=14803Kb free=105196Kb
 bounds [0x0000023083a40000, 0x00000230848c0000, 0x000002308af70000]
CodeHeap 'non-nmethods': size=5760Kb used=1791Kb max_used=1932Kb free=3968Kb
 bounds [0x000002308af70000, 0x000002308b1e0000, 0x000002308b510000]
 total_blobs=8719 nmethods=7970 adapters=653
 compilation: enabled
              stopped_count=0, restarted_count=0
 full_count=0

Compilation events (20 events):
Event: 446.046 Thread 0x0000023097a922f0 nmethod 9810 0x00000230848acd10 code [0x00000230848ad400, 0x00000230848b0d48]
Event: 446.068 Thread 0x0000023097a922f0 9812       3       sun.nio.ch.NioSocketImpl::ensureOpen (35 bytes)
Event: 446.069 Thread 0x0000023097a922f0 nmethod 9812 0x00000230848b1f90 code [0x00000230848b2160, 0x00000230848b2440]
Event: 446.071 Thread 0x0000023097a922f0 9813       3       java.net.Socket::isClosed (8 bytes)
Event: 446.071 Thread 0x0000023097a922f0 nmethod 9813 0x00000230848b2590 code [0x00000230848b2740, 0x00000230848b2908]
Event: 446.076 Thread 0x0000023097a922f0 9814       3       org.springframework.util.ConcurrentReferenceHashMap$EntryIterator::moveToNextSegment (55 bytes)
Event: 446.076 Thread 0x0000023097a922f0 nmethod 9814 0x00000230848b2990 code [0x00000230848b2b40, 0x00000230848b2d80]
Event: 446.076 Thread 0x0000023097a922f0 9815   !   3       org.apache.catalina.core.ContainerBase::findChildren (67 bytes)
Event: 446.077 Thread 0x0000023097a922f0 nmethod 9815 0x00000230848b2e90 code [0x00000230848b3120, 0x00000230848b3cf8]
Event: 446.080 Thread 0x0000023097a8fc30 nmethod 9806 0x000002308ba51c90 code [0x000002308ba51f00, 0x000002308ba530b8]
Event: 446.081 Thread 0x0000023097a8fc30 9809       4       java.util.HashMap::remove (26 bytes)
Event: 446.092 Thread 0x0000023097a8fc30 nmethod 9809 0x000002308ba53910 code [0x000002308ba53b20, 0x000002308ba544c8]
Event: 446.092 Thread 0x0000023097a8fc30 9807       4       java.util.HashMap::removeNode (291 bytes)
Event: 446.103 Thread 0x0000023097a8fc30 nmethod 9807 0x000002308ba54a10 code [0x000002308ba54c20, 0x000002308ba55540]
Event: 446.103 Thread 0x0000023097a8fc30 9811       4       java.util.concurrent.ConcurrentHashMap$Traverser::<init> (36 bytes)
Event: 446.105 Thread 0x0000023097a8fc30 nmethod 9811 0x000002308ba55a10 code [0x000002308ba55ba0, 0x000002308ba55d80]
Event: 448.387 Thread 0x0000023097a922f0 9816       3       java.lang.StackTraceElement::of (30 bytes)
Event: 448.388 Thread 0x0000023097a922f0 nmethod 9816 0x00000230848b4210 code [0x00000230848b43c0, 0x00000230848b45b8]
Event: 448.388 Thread 0x0000023097a922f0 9817       3       java.lang.invoke.DirectMethodHandle$Holder::invokeStatic (14 bytes)
Event: 448.388 Thread 0x0000023097a922f0 nmethod 9817 0x00000230848b4710 code [0x00000230848b48e0, 0x00000230848b4c78]

GC Heap History (20 events):
Event: 10.485 GC heap after
{Heap after GC invocations=29 (full 0):
 garbage-first heap   total 73728K, used 27506K [0x0000000081e00000, 0x0000000100000000)
  region size 1024K, 3 young (3072K), 3 survivors (3072K)
 Metaspace       used 73578K, committed 74176K, reserved 1114112K
  class space    used 9157K, committed 9408K, reserved 1048576K
}
Event: 10.991 GC heap before
{Heap before GC invocations=29 (full 0):
 garbage-first heap   total 73728K, used 64370K [0x0000000081e00000, 0x0000000100000000)
  region size 1024K, 39 young (39936K), 3 survivors (3072K)
 Metaspace       used 77214K, committed 77824K, reserved 1179648K
  class space    used 9593K, committed 9856K, reserved 1048576K
}
Event: 10.998 GC heap after
{Heap after GC invocations=30 (full 0):
 garbage-first heap   total 73728K, used 28956K [0x0000000081e00000, 0x0000000100000000)
  region size 1024K, 5 young (5120K), 5 survivors (5120K)
 Metaspace       used 77214K, committed 77824K, reserved 1179648K
  class space    used 9593K, committed 9856K, reserved 1048576K
}
Event: 11.534 GC heap before
{Heap before GC invocations=31 (full 0):
 garbage-first heap   total 73728K, used 60700K [0x0000000081e00000, 0x0000000100000000)
  region size 1024K, 37 young (37888K), 5 survivors (5120K)
 Metaspace       used 79817K, committed 80448K, reserved 1179648K
  class space    used 10124K, committed 10368K, reserved 1048576K
}
Event: 11.543 GC heap after
{Heap after GC invocations=32 (full 0):
 garbage-first heap   total 73728K, used 30094K [0x0000000081e00000, 0x0000000100000000)
  region size 1024K, 4 young (4096K), 4 survivors (4096K)
 Metaspace       used 79817K, committed 80448K, reserved 1179648K
  class space    used 10124K, committed 10368K, reserved 1048576K
}
Event: 11.887 GC heap before
{Heap before GC invocations=32 (full 0):
 garbage-first heap   total 73728K, used 62862K [0x0000000081e00000, 0x0000000100000000)
  region size 1024K, 37 young (37888K), 4 survivors (4096K)
 Metaspace       used 82182K, committed 82816K, reserved 1179648K
  class space    used 10545K, committed 10816K, reserved 1048576K
}
Event: 11.900 GC heap after
{Heap after GC invocations=33 (full 0):
 garbage-first heap   total 89088K, used 30920K [0x0000000081e00000, 0x0000000100000000)
  region size 1024K, 3 young (3072K), 3 survivors (3072K)
 Metaspace       used 82182K, committed 82816K, reserved 1179648K
  class space    used 10545K, committed 10816K, reserved 1048576K
}
Event: 12.697 GC heap before
{Heap before GC invocations=33 (full 0):
 garbage-first heap   total 89088K, used 80072K [0x0000000081e00000, 0x0000000100000000)
  region size 1024K, 51 young (52224K), 3 survivors (3072K)
 Metaspace       used 86561K, committed 87232K, reserved 1179648K
  class space    used 11144K, committed 11456K, reserved 1048576K
}
Event: 12.706 GC heap after
{Heap after GC invocations=34 (full 0):
 garbage-first heap   total 89088K, used 33204K [0x0000000081e00000, 0x0000000100000000)
  region size 1024K, 6 young (6144K), 6 survivors (6144K)
 Metaspace       used 86561K, committed 87232K, reserved 1179648K
  class space    used 11144K, committed 11456K, reserved 1048576K
}
Event: 13.404 GC heap before
{Heap before GC invocations=34 (full 0):
 garbage-first heap   total 89088K, used 76212K [0x0000000081e00000, 0x0000000100000000)
  region size 1024K, 48 young (49152K), 6 survivors (6144K)
 Metaspace       used 89298K, committed 90048K, reserved 1179648K
  class space    used 11500K, committed 11840K, reserved 1048576K
}
Event: 13.415 GC heap after
{Heap after GC invocations=35 (full 0):
 garbage-first heap   total 89088K, used 36063K [0x0000000081e00000, 0x0000000100000000)
  region size 1024K, 6 young (6144K), 6 survivors (6144K)
 Metaspace       used 89298K, committed 90048K, reserved 1179648K
  class space    used 11500K, committed 11840K, reserved 1048576K
}
Event: 52.499 GC heap before
{Heap before GC invocations=35 (full 0):
 garbage-first heap   total 89088K, used 75999K [0x0000000081e00000, 0x0000000100000000)
  region size 1024K, 46 young (47104K), 6 survivors (6144K)
 Metaspace       used 92808K, committed 93632K, reserved 1179648K
  class space    used 11962K, committed 12352K, reserved 1048576K
}
Event: 52.509 GC heap after
{Heap after GC invocations=36 (full 0):
 garbage-first heap   total 89088K, used 37507K [0x0000000081e00000, 0x0000000100000000)
  region size 1024K, 5 young (5120K), 5 survivors (5120K)
 Metaspace       used 92808K, committed 93632K, reserved 1179648K
  class space    used 11962K, committed 12352K, reserved 1048576K
}
Event: 305.799 GC heap before
{Heap before GC invocations=37 (full 0):
 garbage-first heap   total 89088K, used 60035K [0x0000000081e00000, 0x0000000100000000)
  region size 1024K, 28 young (28672K), 5 survivors (5120K)
 Metaspace       used 93995K, committed 94848K, reserved 1179648K
  class space    used 12135K, committed 12544K, reserved 1048576K
}
Event: 305.884 GC heap after
{Heap after GC invocations=38 (full 1):
 garbage-first heap   total 89088K, used 31157K [0x0000000081e00000, 0x0000000100000000)
  region size 1024K, 0 young (0K), 0 survivors (0K)
 Metaspace       used 93992K, committed 94848K, reserved 1179648K
  class space    used 12134K, committed 12544K, reserved 1048576K
}
Event: 307.109 GC heap before
{Heap before GC invocations=38 (full 1):
 garbage-first heap   total 89088K, used 79285K [0x0000000081e00000, 0x0000000100000000)
  region size 1024K, 48 young (49152K), 0 survivors (0K)
 Metaspace       used 94478K, committed 95296K, reserved 1179648K
  class space    used 12150K, committed 12544K, reserved 1048576K
}
Event: 307.116 GC heap after
{Heap after GC invocations=39 (full 1):
 garbage-first heap   total 89088K, used 35253K [0x0000000081e00000, 0x0000000100000000)
  region size 1024K, 4 young (4096K), 4 survivors (4096K)
 Metaspace       used 94478K, committed 95296K, reserved 1179648K
  class space    used 12150K, committed 12544K, reserved 1048576K
}
Event: 320.611 GC heap before
{Heap before GC invocations=39 (full 1):
 garbage-first heap   total 89088K, used 78261K [0x0000000081e00000, 0x0000000100000000)
  region size 1024K, 46 young (47104K), 4 survivors (4096K)
 Metaspace       used 95315K, committed 96128K, reserved 1179648K
  class space    used 12174K, committed 12544K, reserved 1048576K
}
Event: 320.630 GC heap after
{Heap after GC invocations=40 (full 1):
 garbage-first heap   total 89088K, used 38086K [0x0000000081e00000, 0x0000000100000000)
  region size 1024K, 4 young (4096K), 4 survivors (4096K)
 Metaspace       used 95315K, committed 96128K, reserved 1179648K
  class space    used 12174K, committed 12544K, reserved 1048576K
}
Event: 448.389 GC heap before
{Heap before GC invocations=40 (full 1):
 garbage-first heap   total 89088K, used 50374K [0x0000000081e00000, 0x0000000100000000)
  region size 1024K, 18 young (18432K), 4 survivors (4096K)
 Metaspace       used 95969K, committed 96768K, reserved 1179648K
  class space    used 12249K, committed 12608K, reserved 1048576K
}

Dll operation events (12 events):
Event: 0.012 Loaded shared library D:\Softwares\eclipse-jee-2024\eclipse\plugins\org.eclipse.justj.openjdk.hotspot.jre.full.win32.x86_64_21.0.3.v20240426-1530\jre\bin\java.dll
Event: 0.019 Loaded shared library D:\Softwares\eclipse-jee-2024\eclipse\plugins\org.eclipse.justj.openjdk.hotspot.jre.full.win32.x86_64_21.0.3.v20240426-1530\jre\bin\zip.dll
Event: 0.482 Loaded shared library D:\Softwares\eclipse-jee-2024\eclipse\plugins\org.eclipse.justj.openjdk.hotspot.jre.full.win32.x86_64_21.0.3.v20240426-1530\jre\bin\instrument.dll
Event: 0.497 Loaded shared library D:\Softwares\eclipse-jee-2024\eclipse\plugins\org.eclipse.justj.openjdk.hotspot.jre.full.win32.x86_64_21.0.3.v20240426-1530\jre\bin\net.dll
Event: 0.498 Loaded shared library D:\Softwares\eclipse-jee-2024\eclipse\plugins\org.eclipse.justj.openjdk.hotspot.jre.full.win32.x86_64_21.0.3.v20240426-1530\jre\bin\nio.dll
Event: 0.508 Loaded shared library D:\Softwares\eclipse-jee-2024\eclipse\plugins\org.eclipse.justj.openjdk.hotspot.jre.full.win32.x86_64_21.0.3.v20240426-1530\jre\bin\zip.dll
Event: 0.718 Loaded shared library D:\Softwares\eclipse-jee-2024\eclipse\plugins\org.eclipse.justj.openjdk.hotspot.jre.full.win32.x86_64_21.0.3.v20240426-1530\jre\bin\jimage.dll
Event: 0.793 Loaded shared library D:\Softwares\eclipse-jee-2024\eclipse\plugins\org.eclipse.justj.openjdk.hotspot.jre.full.win32.x86_64_21.0.3.v20240426-1530\jre\bin\verify.dll
Event: 1.370 Loaded shared library D:\Softwares\eclipse-jee-2024\eclipse\plugins\org.eclipse.justj.openjdk.hotspot.jre.full.win32.x86_64_21.0.3.v20240426-1530\jre\bin\management.dll
Event: 1.372 Loaded shared library D:\Softwares\eclipse-jee-2024\eclipse\plugins\org.eclipse.justj.openjdk.hotspot.jre.full.win32.x86_64_21.0.3.v20240426-1530\jre\bin\management_ext.dll
Event: 3.724 Loaded shared library D:\Softwares\eclipse-jee-2024\eclipse\plugins\org.eclipse.justj.openjdk.hotspot.jre.full.win32.x86_64_21.0.3.v20240426-1530\jre\bin\sunmscapi.dll
Event: 7.923 Loaded shared library D:\Softwares\eclipse-jee-2024\eclipse\plugins\org.eclipse.justj.openjdk.hotspot.jre.full.win32.x86_64_21.0.3.v20240426-1530\jre\bin\extnet.dll

Deoptimization events (20 events):
Event: 448.387 Thread 0x00000230a0614d10 DEOPT PACKING pc=0x0000023084037dac sp=0x000000adc6afc230
Event: 448.387 Thread 0x00000230a0614d10 DEOPT UNPACKING pc=0x000002308afc4e42 sp=0x000000adc6afb7d0 mode 1
Event: 448.387 Thread 0x00000230a0614d10 DEOPT PACKING pc=0x000002308403a5e1 sp=0x000000adc6afc3f0
Event: 448.387 Thread 0x00000230a0614d10 DEOPT UNPACKING pc=0x000002308afc4e42 sp=0x000000adc6afb8c8 mode 1
Event: 448.387 Thread 0x00000230a0614d10 DEOPT PACKING pc=0x000002308410d9d4 sp=0x000000adc6afc480
Event: 448.387 Thread 0x00000230a0614d10 DEOPT UNPACKING pc=0x000002308afc4e42 sp=0x000000adc6afba30 mode 1
Event: 448.387 Thread 0x00000230a0614d10 DEOPT PACKING pc=0x0000023084037dac sp=0x000000adc6afc5f0
Event: 448.387 Thread 0x00000230a0614d10 DEOPT UNPACKING pc=0x000002308afc4e42 sp=0x000000adc6afbb90 mode 1
Event: 448.388 Thread 0x00000230a0969490 DEOPT PACKING pc=0x0000023083bd9bcc sp=0x000000adc88fee80
Event: 448.388 Thread 0x00000230a0969490 DEOPT UNPACKING pc=0x000002308afc4e42 sp=0x000000adc88fe348 mode 1
Event: 448.388 Thread 0x00000230a096aed0 DEOPT PACKING pc=0x0000023084846324 sp=0x000000adc86ff220
Event: 448.388 Thread 0x00000230a096aed0 DEOPT UNPACKING pc=0x000002308afc4e42 sp=0x000000adc86fe750 mode 1
Event: 448.388 Thread 0x00000230a096aed0 DEOPT PACKING pc=0x0000023083f70614 sp=0x000000adc86ff320
Event: 448.388 Thread 0x00000230a096aed0 DEOPT UNPACKING pc=0x000002308afc4e42 sp=0x000000adc86fe878 mode 1
Event: 448.388 Thread 0x00000230a096aed0 DEOPT PACKING pc=0x0000023083fa39dc sp=0x000000adc86ff450
Event: 448.388 Thread 0x00000230a096aed0 DEOPT UNPACKING pc=0x000002308afc4e42 sp=0x000000adc86fe8e0 mode 1
Event: 448.388 Thread 0x00000230a096aed0 DEOPT PACKING pc=0x0000023083ace42c sp=0x000000adc86ff480
Event: 448.388 Thread 0x00000230a096aed0 DEOPT UNPACKING pc=0x000002308afc4e42 sp=0x000000adc86fe940 mode 1
Event: 448.389 Thread 0x00000230a096b560 DEOPT PACKING pc=0x0000023084846324 sp=0x000000adc87fee50
Event: 448.389 Thread 0x00000230a096b560 DEOPT UNPACKING pc=0x000002308afc4e42 sp=0x000000adc87fe380 mode 1

Classes loaded (20 events):
Event: 306.703 Loading class java/util/WeakHashMap$EntryIterator
Event: 306.703 Loading class java/util/WeakHashMap$EntryIterator done
Event: 320.718 Loading class java/io/PrintWriter$1
Event: 320.718 Loading class jdk/internal/access/JavaIOPrintWriterAccess
Event: 320.718 Loading class jdk/internal/access/JavaIOPrintWriterAccess done
Event: 320.718 Loading class java/io/PrintWriter$1 done
Event: 320.719 Loading class java/lang/Throwable$WrappedPrintWriter
Event: 320.719 Loading class java/lang/Throwable$PrintStreamOrWriter
Event: 320.719 Loading class java/lang/Throwable$PrintStreamOrWriter done
Event: 320.719 Loading class java/lang/Throwable$WrappedPrintWriter done
Event: 320.758 Loading class java/time/format/DateTimeFormatterBuilder$ZoneTextPrinterParser
Event: 320.759 Loading class java/time/format/DateTimeFormatterBuilder$ZoneTextPrinterParser done
Event: 320.759 Loading class java/time/format/DateTimeFormatterBuilder$ReducedPrinterParser
Event: 320.760 Loading class java/time/format/DateTimeFormatterBuilder$ReducedPrinterParser done
Event: 320.778 Loading class java/util/stream/LongStream
Event: 320.778 Loading class java/util/stream/LongStream done
Event: 320.778 Loading class java/util/stream/DoubleStream
Event: 320.778 Loading class java/util/stream/DoubleStream done
Event: 336.119 Loading class sun/reflect/annotation/AnnotationInvocationHandler$1
Event: 336.119 Loading class sun/reflect/annotation/AnnotationInvocationHandler$1 done

Classes unloaded (1 events):
Event: 305.838 Thread 0x0000023097a23f10 Unloading class 0x0000000100ad8800 'jdk/internal/reflect/GeneratedSerializationConstructorAccessor1'

Classes redefined (0 events):
No events

Internal exceptions (20 events):
Event: 374.052 Thread 0x00000230a096a840 Exception <a 'java/lang/NoSuchMethodError'{0x0000000086d95d30}: 'int java.lang.invoke.Invokers$Holder.invokeExact_MT(java.lang.Object, java.lang.Object, java.lang.Object)'> (0x0000000086d95d30) 
thrown [s\src\hotspot\share\interpreter\linkResolver.cpp, line 773]
Event: 374.661 Thread 0x00000230a096a840 Exception <a 'java/lang/NoSuchMethodError'{0x0000000086c9a130}: 'void java.lang.invoke.Invokers$Holder.invokeExact_MT(java.lang.Object, java.lang.Object, int, java.lang.Object)'> (0x0000000086c9a130) 
thrown [s\src\hotspot\share\interpreter\linkResolver.cpp, line 773]
Event: 446.050 Thread 0x00000230a06153a0 Exception <a 'java/io/IOException'{0x00000000868d3130}> (0x00000000868d3130) 
thrown [s\src\hotspot\share\prims\jni.cpp, line 520]
Event: 446.051 Thread 0x00000230a06153a0 Exception <a 'java/io/IOException'{0x00000000868d3ff8}> (0x00000000868d3ff8) 
thrown [s\src\hotspot\share\prims\jni.cpp, line 520]
Event: 446.052 Thread 0x00000230a06153a0 Exception <a 'java/io/IOException'{0x00000000868d5fa8}> (0x00000000868d5fa8) 
thrown [s\src\hotspot\share\prims\jni.cpp, line 520]
Event: 446.053 Thread 0x00000230a06153a0 Exception <a 'java/io/IOException'{0x00000000868d6bc8}> (0x00000000868d6bc8) 
thrown [s\src\hotspot\share\prims\jni.cpp, line 520]
Event: 446.057 Thread 0x00000230a06153a0 Exception <a 'java/io/IOException'{0x00000000868d8a00}> (0x00000000868d8a00) 
thrown [s\src\hotspot\share\prims\jni.cpp, line 520]
Event: 446.058 Thread 0x00000230a06153a0 Exception <a 'java/io/IOException'{0x00000000868d9620}> (0x00000000868d9620) 
thrown [s\src\hotspot\share\prims\jni.cpp, line 520]
Event: 446.059 Thread 0x00000230a06153a0 Exception <a 'java/io/IOException'{0x00000000868db458}> (0x00000000868db458) 
thrown [s\src\hotspot\share\prims\jni.cpp, line 520]
Event: 446.060 Thread 0x00000230a06153a0 Exception <a 'java/io/IOException'{0x00000000868dc078}> (0x00000000868dc078) 
thrown [s\src\hotspot\share\prims\jni.cpp, line 520]
Event: 446.062 Thread 0x00000230a06153a0 Exception <a 'java/io/IOException'{0x00000000868ddeb0}> (0x00000000868ddeb0) 
thrown [s\src\hotspot\share\prims\jni.cpp, line 520]
Event: 446.064 Thread 0x00000230a06153a0 Exception <a 'java/io/IOException'{0x00000000868dead0}> (0x00000000868dead0) 
thrown [s\src\hotspot\share\prims\jni.cpp, line 520]
Event: 446.066 Thread 0x00000230a06153a0 Exception <a 'java/io/IOException'{0x00000000868e0908}> (0x00000000868e0908) 
thrown [s\src\hotspot\share\prims\jni.cpp, line 520]
Event: 446.066 Thread 0x00000230a06153a0 Exception <a 'java/io/IOException'{0x00000000868e1770}> (0x00000000868e1770) 
thrown [s\src\hotspot\share\prims\jni.cpp, line 520]
Event: 446.068 Thread 0x00000230a06153a0 Exception <a 'java/io/IOException'{0x00000000868e35a8}> (0x00000000868e35a8) 
thrown [s\src\hotspot\share\prims\jni.cpp, line 520]
Event: 446.069 Thread 0x00000230a06153a0 Exception <a 'java/io/IOException'{0x00000000868e41c8}> (0x00000000868e41c8) 
thrown [s\src\hotspot\share\prims\jni.cpp, line 520]
Event: 446.072 Thread 0x00000230a06153a0 Exception <a 'java/io/IOException'{0x00000000868e6000}> (0x00000000868e6000) 
thrown [s\src\hotspot\share\prims\jni.cpp, line 520]
Event: 446.073 Thread 0x00000230a06153a0 Exception <a 'java/io/IOException'{0x00000000868e6c20}> (0x00000000868e6c20) 
thrown [s\src\hotspot\share\prims\jni.cpp, line 520]
Event: 446.074 Thread 0x00000230a06153a0 Exception <a 'java/io/IOException'{0x00000000868e8a80}> (0x00000000868e8a80) 
thrown [s\src\hotspot\share\prims\jni.cpp, line 520]
Event: 448.388 Thread 0x00000230a0969490 Exception <a 'java/lang/InterruptedException'{0x000000008672ea00}: sleep interrupted> (0x000000008672ea00) 
thrown [s\src\hotspot\share\prims\jvm.cpp, line 3074]

ZGC Phase Switch (0 events):
No events

VM Operations (20 events):
Event: 440.195 Executing VM operation: get/set locals done
Event: 440.195 Executing VM operation: get/set locals
Event: 440.195 Executing VM operation: get/set locals done
Event: 440.196 Executing VM operation: get/set locals
Event: 440.197 Executing VM operation: get/set locals done
Event: 440.198 Executing VM operation: get/set locals
Event: 440.198 Executing VM operation: get/set locals done
Event: 440.199 Executing VM operation: get/set locals
Event: 440.199 Executing VM operation: get/set locals done
Event: 440.200 Executing VM operation: get/set locals
Event: 440.200 Executing VM operation: get/set locals done
Event: 440.201 Executing VM operation: get/set locals
Event: 440.201 Executing VM operation: get/set locals done
Event: 441.048 Executing VM operation: get/set locals
Event: 441.048 Executing VM operation: get/set locals done
Event: 446.083 Executing VM operation: Cleanup
Event: 446.083 Executing VM operation: Cleanup done
Event: 446.103 Executing VM operation: get/set locals
Event: 446.104 Executing VM operation: get/set locals done
Event: 448.389 Executing VM operation: G1CollectFull (System.gc())

Events (20 events):
Event: 325.854 Thread 0x000002309edbfb20 Thread exited: 0x000002309edbfb20
Event: 440.990 Thread 0x00000230a0614d10 Thread added: 0x00000230a0614d10
Event: 440.991 Thread 0x00000230a096f070 Thread exited: 0x00000230a096f070
Event: 441.007 Thread 0x00000230a0615a30 Thread exited: 0x00000230a0615a30
Event: 441.008 Thread 0x00000230a0616de0 Thread exited: 0x00000230a0616de0
Event: 441.009 Thread 0x00000230a096f700 Thread exited: 0x00000230a096f700
Event: 441.009 Thread 0x00000230a096dcc0 Thread exited: 0x00000230a096dcc0
Event: 441.010 Thread 0x00000230a096fd90 Thread exited: 0x00000230a096fd90
Event: 441.010 Thread 0x000002309e734600 Thread exited: 0x000002309e734600
Event: 441.010 Thread 0x00000230a096c910 Thread exited: 0x00000230a096c910
Event: 441.011 Thread 0x00000230a096e9e0 Thread exited: 0x00000230a096e9e0
Event: 441.011 Thread 0x000002309e733250 Thread exited: 0x000002309e733250
Event: 441.011 Thread 0x000002309e732bc0 Thread exited: 0x000002309e732bc0
Event: 441.012 Thread 0x00000230a096cfa0 Thread exited: 0x00000230a096cfa0
Event: 446.040 Thread 0x00000230a06153a0 Thread added: 0x00000230a06153a0
Event: 446.041 Thread 0x00000230a0969b20 Thread exited: 0x00000230a0969b20
Event: 446.043 Thread 0x00000230a0618eb0 Thread added: 0x00000230a0618eb0
Event: 446.050 Thread 0x00000230a0618eb0 Thread exited: 0x00000230a0618eb0
Event: 446.074 Thread 0x00000230a06153a0 Thread exited: 0x00000230a06153a0
Event: 448.388 Thread 0x00000230a0969490 Thread exited: 0x00000230a0969490


Dynamic libraries:
0x00007ff7f14f0000 - 0x00007ff7f14fe000 	D:\Softwares\eclipse-jee-2024\eclipse\plugins\org.eclipse.justj.openjdk.hotspot.jre.full.win32.x86_64_21.0.3.v20240426-1530\jre\bin\javaw.exe
0x00007ffdcbf70000 - 0x00007ffdcc187000 	C:\Windows\SYSTEM32\ntdll.dll
0x00007ffdca530000 - 0x00007ffdca5f4000 	C:\Windows\System32\KERNEL32.DLL
0x00007ffdc9880000 - 0x00007ffdc9c2d000 	C:\Windows\System32\KERNELBASE.dll
0x00007ffdc9290000 - 0x00007ffdc93a1000 	C:\Windows\System32\ucrtbase.dll
0x00007ffdba210000 - 0x00007ffdba228000 	D:\Softwares\eclipse-jee-2024\eclipse\plugins\org.eclipse.justj.openjdk.hotspot.jre.full.win32.x86_64_21.0.3.v20240426-1530\jre\bin\jli.dll
0x00007ffdca770000 - 0x00007ffdca91e000 	C:\Windows\System32\USER32.dll
0x00007ffdc9850000 - 0x00007ffdc9876000 	C:\Windows\System32\win32u.dll
0x00007ffdca500000 - 0x00007ffdca529000 	C:\Windows\System32\GDI32.dll
0x00007ffdc9520000 - 0x00007ffdc9639000 	C:\Windows\System32\gdi32full.dll
0x00007ffdc9640000 - 0x00007ffdc96da000 	C:\Windows\System32\msvcp_win.dll
0x00007ffdc3430000 - 0x00007ffdc344b000 	D:\Softwares\eclipse-jee-2024\eclipse\plugins\org.eclipse.justj.openjdk.hotspot.jre.full.win32.x86_64_21.0.3.v20240426-1530\jre\bin\VCRUNTIME140.dll
0x00007ffdb6a10000 - 0x00007ffdb6ca3000 	C:\Windows\WinSxS\amd64_microsoft.windows.common-controls_6595b64144ccf1df_6.0.22621.3672_none_2713b9d173822955\COMCTL32.dll
0x00007ffdcaa20000 - 0x00007ffdcaac7000 	C:\Windows\System32\msvcrt.dll
0x00007ffdca9e0000 - 0x00007ffdcaa11000 	C:\Windows\System32\IMM32.DLL
0x00007ffdc48b0000 - 0x00007ffdc48bc000 	D:\Softwares\eclipse-jee-2024\eclipse\plugins\org.eclipse.justj.openjdk.hotspot.jre.full.win32.x86_64_21.0.3.v20240426-1530\jre\bin\vcruntime140_1.dll
0x00007ffdb8510000 - 0x00007ffdb859e000 	D:\Softwares\eclipse-jee-2024\eclipse\plugins\org.eclipse.justj.openjdk.hotspot.jre.full.win32.x86_64_21.0.3.v20240426-1530\jre\bin\msvcp140.dll
0x00007ffd994c0000 - 0x00007ffd9a242000 	D:\Softwares\eclipse-jee-2024\eclipse\plugins\org.eclipse.justj.openjdk.hotspot.jre.full.win32.x86_64_21.0.3.v20240426-1530\jre\bin\server\jvm.dll
0x00007ffdca240000 - 0x00007ffdca2f2000 	C:\Windows\System32\ADVAPI32.dll
0x00007ffdca930000 - 0x00007ffdca9d9000 	C:\Windows\System32\sechost.dll
0x00007ffdc93b0000 - 0x00007ffdc93d8000 	C:\Windows\System32\bcrypt.dll
0x00007ffdc9ca0000 - 0x00007ffdc9db4000 	C:\Windows\System32\RPCRT4.dll
0x00007ffdcaad0000 - 0x00007ffdcab41000 	C:\Windows\System32\WS2_32.dll
0x00007ffdc8100000 - 0x00007ffdc814d000 	C:\Windows\SYSTEM32\POWRPROF.dll
0x00007ffdc26b0000 - 0x00007ffdc26e4000 	C:\Windows\SYSTEM32\WINMM.dll
0x00007ffdc0710000 - 0x00007ffdc071a000 	C:\Windows\SYSTEM32\VERSION.dll
0x00007ffdc80e0000 - 0x00007ffdc80f3000 	C:\Windows\SYSTEM32\UMPDC.dll
0x00007ffdc8330000 - 0x00007ffdc8348000 	C:\Windows\SYSTEM32\kernel.appcore.dll
0x00007ffdc3060000 - 0x00007ffdc306a000 	D:\Softwares\eclipse-jee-2024\eclipse\plugins\org.eclipse.justj.openjdk.hotspot.jre.full.win32.x86_64_21.0.3.v20240426-1530\jre\bin\jimage.dll
0x00007ffdaf8f0000 - 0x00007ffdafb22000 	C:\Windows\SYSTEM32\DBGHELP.DLL
0x00007ffdcab50000 - 0x00007ffdcaede000 	C:\Windows\System32\combase.dll
0x00007ffdca690000 - 0x00007ffdca767000 	C:\Windows\System32\OLEAUT32.dll
0x00007ffdaf6d0000 - 0x00007ffdaf702000 	C:\Windows\SYSTEM32\dbgcore.DLL
0x00007ffdc93e0000 - 0x00007ffdc945b000 	C:\Windows\System32\bcryptPrimitives.dll
0x00007ffdba140000 - 0x00007ffdba17c000 	D:\Softwares\eclipse-jee-2024\eclipse\plugins\org.eclipse.justj.openjdk.hotspot.jre.full.win32.x86_64_21.0.3.v20240426-1530\jre\bin\jdwp.dll
0x00007ffdc3050000 - 0x00007ffdc305f000 	D:\Softwares\eclipse-jee-2024\eclipse\plugins\org.eclipse.justj.openjdk.hotspot.jre.full.win32.x86_64_21.0.3.v20240426-1530\jre\bin\instrument.dll
0x00007ffdba230000 - 0x00007ffdba24f000 	D:\Softwares\eclipse-jee-2024\eclipse\plugins\org.eclipse.justj.openjdk.hotspot.jre.full.win32.x86_64_21.0.3.v20240426-1530\jre\bin\java.dll
0x00007ffdb83b0000 - 0x00007ffdb83c8000 	D:\Softwares\eclipse-jee-2024\eclipse\plugins\org.eclipse.justj.openjdk.hotspot.jre.full.win32.x86_64_21.0.3.v20240426-1530\jre\bin\zip.dll
0x00007ffdcb6c0000 - 0x00007ffdcbf27000 	C:\Windows\System32\SHELL32.dll
0x00007ffdc71d0000 - 0x00007ffdc7acf000 	C:\Windows\SYSTEM32\windows.storage.dll
0x00007ffdc7090000 - 0x00007ffdc71cf000 	C:\Windows\SYSTEM32\wintypes.dll
0x00007ffdcb5c0000 - 0x00007ffdcb6b9000 	C:\Windows\System32\SHCORE.dll
0x00007ffdcb110000 - 0x00007ffdcb16e000 	C:\Windows\System32\shlwapi.dll
0x00007ffdc91c0000 - 0x00007ffdc91e7000 	C:\Windows\SYSTEM32\profapi.dll
0x00007ffdc3550000 - 0x00007ffdc355b000 	D:\Softwares\eclipse-jee-2024\eclipse\plugins\org.eclipse.justj.openjdk.hotspot.jre.full.win32.x86_64_21.0.3.v20240426-1530\jre\bin\dt_socket.dll
0x00007ffdc7de0000 - 0x00007ffdc7e0d000 	C:\Windows\SYSTEM32\IPHLPAPI.DLL
0x00007ffdc8800000 - 0x00007ffdc8869000 	C:\Windows\system32\mswsock.dll
0x00007ffdc7e10000 - 0x00007ffdc7f08000 	C:\Windows\SYSTEM32\DNSAPI.dll
0x00007ffdca920000 - 0x00007ffdca929000 	C:\Windows\System32\NSI.dll
0x00007ffdb3e60000 - 0x00007ffdb3e6a000 	C:\Windows\System32\rasadhlp.dll
0x00007ffdc05c0000 - 0x00007ffdc0643000 	C:\Windows\System32\fwpuclnt.dll
0x00007ffdb85e0000 - 0x00007ffdb85f0000 	D:\Softwares\eclipse-jee-2024\eclipse\plugins\org.eclipse.justj.openjdk.hotspot.jre.full.win32.x86_64_21.0.3.v20240426-1530\jre\bin\net.dll
0x00007ffdc22e0000 - 0x00007ffdc2416000 	C:\Windows\SYSTEM32\WINHTTP.dll
0x00007ffdb8390000 - 0x00007ffdb83a6000 	D:\Softwares\eclipse-jee-2024\eclipse\plugins\org.eclipse.justj.openjdk.hotspot.jre.full.win32.x86_64_21.0.3.v20240426-1530\jre\bin\nio.dll
0x00007ffdb8380000 - 0x00007ffdb8390000 	D:\Softwares\eclipse-jee-2024\eclipse\plugins\org.eclipse.justj.openjdk.hotspot.jre.full.win32.x86_64_21.0.3.v20240426-1530\jre\bin\verify.dll
0x00007ffdc3450000 - 0x00007ffdc345a000 	D:\Softwares\eclipse-jee-2024\eclipse\plugins\org.eclipse.justj.openjdk.hotspot.jre.full.win32.x86_64_21.0.3.v20240426-1530\jre\bin\management.dll
0x00007ffdc3310000 - 0x00007ffdc331b000 	D:\Softwares\eclipse-jee-2024\eclipse\plugins\org.eclipse.justj.openjdk.hotspot.jre.full.win32.x86_64_21.0.3.v20240426-1530\jre\bin\management_ext.dll
0x00007ffdcb330000 - 0x00007ffdcb338000 	C:\Windows\System32\PSAPI.DLL
0x00007ffdb9220000 - 0x00007ffdb922e000 	D:\Softwares\eclipse-jee-2024\eclipse\plugins\org.eclipse.justj.openjdk.hotspot.jre.full.win32.x86_64_21.0.3.v20240426-1530\jre\bin\sunmscapi.dll
0x00007ffdc96e0000 - 0x00007ffdc9846000 	C:\Windows\System32\CRYPT32.dll
0x00007ffdc8c50000 - 0x00007ffdc8c7e000 	C:\Windows\SYSTEM32\ncrypt.dll
0x00007ffdc8c10000 - 0x00007ffdc8c47000 	C:\Windows\SYSTEM32\NTASN1.dll
0x00007ffdc8a30000 - 0x00007ffdc8a4b000 	C:\Windows\SYSTEM32\CRYPTSP.dll
0x00007ffdc82f0000 - 0x00007ffdc8325000 	C:\Windows\system32\rsaenh.dll
0x00007ffdc88c0000 - 0x00007ffdc88e8000 	C:\Windows\SYSTEM32\USERENV.dll
0x00007ffdc8a50000 - 0x00007ffdc8a5c000 	C:\Windows\SYSTEM32\CRYPTBASE.dll
0x00007ffdc6470000 - 0x00007ffdc6479000 	D:\Softwares\eclipse-jee-2024\eclipse\plugins\org.eclipse.justj.openjdk.hotspot.jre.full.win32.x86_64_21.0.3.v20240426-1530\jre\bin\extnet.dll
0x00007ffdb06d0000 - 0x00007ffdb06d8000 	C:\Windows\system32\wshunix.dll

dbghelp: loaded successfully - version: 4.0.5 - missing functions: none
symbol engine: initialized successfully - sym options: 0x614 - pdb path: .;D:\Softwares\eclipse-jee-2024\eclipse\plugins\org.eclipse.justj.openjdk.hotspot.jre.full.win32.x86_64_21.0.3.v20240426-1530\jre\bin;C:\Windows\SYSTEM32;C:\Windows\WinSxS\amd64_microsoft.windows.common-controls_6595b64144ccf1df_6.0.22621.3672_none_2713b9d173822955;D:\Softwares\eclipse-jee-2024\eclipse\plugins\org.eclipse.justj.openjdk.hotspot.jre.full.win32.x86_64_21.0.3.v20240426-1530\jre\bin\server

VM Arguments:
jvm_args: -XX:+ShowCodeDetailsInExceptionMessages -agentlib:jdwp=transport=dt_socket,suspend=y,address=localhost:61436 -javaagent:D:\Softwares\eclipse-jee-2024\eclipse\configuration\org.eclipse.osgi\448\0\.cp\lib\javaagent-shaded.jar -Dfile.encoding=UTF-8 -Dstdout.encoding=UTF-8 -Dstderr.encoding=UTF-8 
java_command: com.test.batch.BatchApplication
java_class_path (initial): D:\Github\Local-project\batch\target\classes;C:\Users\Ashutosh\.m2\repository\org\springframework\batch\spring-batch-core\5.1.2\spring-batch-core-5.1.2.jar;C:\Users\Ashutosh\.m2\repository\org\springframework\batch\spring-batch-infrastructure\5.1.2\spring-batch-infrastructure-5.1.2.jar;C:\Users\Ashutosh\.m2\repository\org\springframework\retry\spring-retry\2.0.8\spring-retry-2.0.8.jar;C:\Users\Ashutosh\.m2\repository\org\springframework\spring-aop\6.1.12\spring-aop-6.1.12.jar;C:\Users\Ashutosh\.m2\repository\org\springframework\spring-beans\6.1.12\spring-beans-6.1.12.jar;C:\Users\Ashutosh\.m2\repository\org\springframework\spring-context\6.1.12\spring-context-6.1.12.jar;C:\Users\Ashutosh\.m2\repository\org\springframework\spring-expression\6.1.12\spring-expression-6.1.12.jar;C:\Users\Ashutosh\.m2\repository\org\springframework\spring-tx\6.1.12\spring-tx-6.1.12.jar;C:\Users\Ashutosh\.m2\repository\org\springframework\spring-jdbc\6.1.12\spring-jdbc-6.1.12.jar;C:\Users\Ashutosh\.m2\repository\io\micrometer\micrometer-core\1.13.3\micrometer-core-1.13.3.jar;C:\Users\Ashutosh\.m2\repository\io\micrometer\micrometer-commons\1.13.3\micrometer-commons-1.13.3.jar;C:\Users\Ashutosh\.m2\repository\org\hdrhistogram\HdrHistogram\2.2.2\HdrHistogram-2.2.2.jar;C:\Users\Ashutosh\.m2\repository\org\latencyutils\LatencyUtils\2.0.3\LatencyUtils-2.0.3.jar;C:\Users\Ashutosh\.m2\repository\io\micrometer\micrometer-observation\1.13.3\micrometer-observation-1.13.3.jar;C:\Users\Ashutosh\.m2\repository\org\springframework\boot\spring-boot-starter-batch\3.3.3\spring-boot-starter-batch-3.3.3.jar;C:\Users\Ashutosh\.m2\repository\org\springframework\boot\spring-boot-starter\3.3.3\spring-boot-starter-3.3.3.jar;C:\Users\Ashutosh\.m2\repository\org\springframework\boot\spring-boot-starter-logging\3.3.3\spring-boot-starter-logging-3.3.3.jar;C:\Users\Ashutosh\.m2\repository\ch\qos\logback\logback-classic\1.5.7\logback-classic-1.5.7.jar;C:\Users\Ashutosh\.m2\repository\ch\qos\logback\logback-core\1.5.7\logback-core-1.5.7.jar;C:\Users\Ashutosh\.m2\repository\org\apache\logging\log4j\log4j-to-slf4j\2.23.1\log4j-to-slf4j-2.23.1.jar;C:\Users\Ashutosh\.m2\repository\org\apache\logging\log4j\log4j-api\2.23.1\log4j-api-2.23.1.jar;C:\Users\Ashutosh\.m2\repository\org\slf4j\jul-to-slf4j\2.0.16\jul-to-slf4j-2.0.16.jar;C:\Users\Ashutosh\.m2\repository\jakarta\annotation\jakarta.annotation-api\2.1.1\jakarta.annotation-api-2.1.1.jar;C:\Users\Ashutosh\.m2\repository\org\yaml\snakeyaml\2.2\snakeyaml-2.2.jar;C:\Users\Ashutosh\.m2\repository\org\springframework\boot\spring-boot-starter-jdbc\3.3.3\spring-boot-starter-jdbc-3.3.3.jar;C:\Users\Ashutosh\.m2\repository\com\zaxxer\HikariCP\5.1.0\HikariCP-5.1.0.jar;C:\Users\Ashutosh\.m2\repository\org\springframework\boot\spring-boot-starter-data-jpa\3.3.3\spring-boot-starter-data-jpa-3.3.3.jar;C:\Users\Ashutosh\.m2\repository\org\springframework\boot\spring-boot-starter-aop\3.3.3\spring-boot-starter-aop-3.3.3.jar;C:\Users\Ashutosh\.m2\repository\org\aspectj\aspectjweaver\1.9.22.1\aspectjweaver-1.9.22.1.jar;C:\Users\Ashutosh\.m2\repository\org\hibernate\orm\hibernate-core\6.5.2.Final\hibernate-core-6.5.2.Final.jar;C:\Users\Ashutosh\.m2\repository\jakarta\persistence\jakarta.persistence-api\3.1.0\jakarta.persistence-api-3.1.0.jar;C:\Users\Ashutosh\.m2\repository\jakarta\transaction\jakarta.transaction-api\2.0.1\jakarta.transaction-api-2.0.1.jar;C:\Users\Ashutosh\.m2\repository\org\jboss\logging\jboss-logging\3.5.3.Final\jboss-logging-3.5.3.Final.jar;C:\Users\Ashutosh\.m2\repository\org\hibernate\common\hibernate-commons-annotations\6.0.6.Final\hibernate-commons-annotations-6.0.6.Final.jar;C:\Users\Ashutosh\.m2\repository\io\smallrye\jandex\3.1.2\jandex-3.1.2.jar;C:\Users\Ashutosh\.m2\repository\com\fasterxml\classmate\1.7.0\classmate-1.7.0.jar;C:\Users\Ashutosh\.m2\repository\net\bytebuddy\byte-buddy\1.14.19\byte-buddy-1.14.19.jar;C:\Users\Ashutosh\.m2\repository\org\glassfish\jaxb\jaxb-runtime\4.0.5\jaxb-runtime-4.0.5.jar;C:\Users\Ashutosh\.m2\repository\org\glassfish\jaxb\jaxb-core\4.0.5\jaxb-core-4.0.5.jar;C:\Users\Ashutosh\.m2\repository\org\eclipse\angus\angus-activation\2.0.2\angus-activation-2.0.2.jar;C:\Users\Ashutosh\.m2\repository\org\glassfish\jaxb\txw2\4.0.5\txw2-4.0.5.jar;C:\Users\Ashutosh\.m2\repository\com\sun\istack\istack-commons-runtime\4.1.2\istack-commons-runtime-4.1.2.jar;C:\Users\Ashutosh\.m2\repository\jakarta\inject\jakarta.inject-api\2.0.1\jakarta.inject-api-2.0.1.jar;C:\Users\Ashutosh\.m2\repository\org\antlr\antlr4-runtime\4.13.0\antlr4-runtime-4.13.0.jar;C:\Users\Ashutosh\.m2\repository\org\springframework\data\spring-data-jpa\3.3.3\spring-data-jpa-3.3.3.jar;C:\Users\Ashutosh\.m2\repository\org\springframework\data\spring-data-commons\3.3.3\spring-data-commons-3.3.3.jar;C:\Users\Ashutosh\.m2\repository\org\springframework\spring-orm\6.1.12\spring-orm-6.1.12.jar;C:\Users\Ashutosh\.m2\repository\org\slf4j\slf4j-api\2.0.16\slf4j-api-2.0.16.jar;C:\Users\Ashutosh\.m2\repository\org\springframework\spring-aspects\6.1.12\spring-aspects-6.1.12.jar;C:\Users\Ashutosh\.m2\repository\org\springframework\boot\spring-boot-starter-validation\3.3.3\spring-boot-starter-validation-3.3.3.jar;C:\Users\Ashutosh\.m2\repository\org\apache\tomcat\embed\tomcat-embed-el\10.1.28\tomcat-embed-el-10.1.28.jar;C:\Users\Ashutosh\.m2\repository\org\hibernate\validator\hibernate-validator\8.0.1.Final\hibernate-validator-8.0.1.Final.jar;C:\Users\Ashutosh\.m2\repository\jakarta\validation\jakarta.validation-api\3.0.2\jakarta.validation-api-3.0.2.jar;C:\Users\Ashutosh\.m2\repository\org\springframework\boot\spring-boot-starter-web\3.3.3\spring-boot-starter-web-3.3.3.jar;C:\Users\Ashutosh\.m2\repository\org\springframework\boot\spring-boot-starter-json\3.3.3\spring-boot-starter-json-3.3.3.jar;C:\Users\Ashutosh\.m2\repository\com\fasterxml\jackson\core\jackson-databind\2.17.2\jackson-databind-2.17.2.jar;C:\Users\Ashutosh\.m2\repository\com\fasterxml\jackson\core\jackson-annotations\2.17.2\jackson-annotations-2.17.2.jar;C:\Users\Ashutosh\.m2\repository\com\fasterxml\jackson\core\jackson-core\2.17.2\jackson-core-2.17.2.jar;C:\Users\Ashutosh\.m2\repository\com\fasterxml\jackson\datatype\jackson-datatype-jdk8\2.17.2\jackson-datatype-jdk8-2.17.2.jar;C:\Users\Ashutosh\.m2\repository\com\fasterxml\jackson\datatype\jackson-datatype-jsr310\2.17.2\jackson-datatype-jsr310-2.17.2.jar;C:\Users\Ashutosh\.m2\repository\com\fasterxml\jackson\module\jackson-module-parameter-names\2.17.2\jackson-module-parameter-names-2.17.2.jar;C:\Users\Ashutosh\.m2\repository\org\springframework\boot\spring-boot-starter-tomcat\3.3.3\spring-boot-starter-tomcat-3.3.3.jar;C:\Users\Ashutosh\.m2\repository\org\apache\tomcat\embed\tomcat-embed-core\10.1.28\tomcat-embed-core-10.1.28.jar;C:\Users\Ashutosh\.m2\repository\org\apache\tomcat\embed\tomcat-embed-websocket\10.1.28\tomcat-embed-websocket-10.1.28.jar;C:\Users\Ashutosh\.m2\repository\org\springframework\spring-web\6.1.12\spring-web-6.1.12.jar;C:\Users\Ashutosh\.m2\repository\org\springframework\spring-webmvc\6.1.12\spring-webmvc-6.1.12.jar;C:\Users\Ashutosh\.m2\repository\org\springframework\boot\spring-boot-devtools\3.3.3\spring-boot-devtools-3.3.3.jar;C:\Users\Ashutosh\.m2\repository\org\springframework\boot\spring-boot\3.3.3\spring-boot-3.3.3.jar;C:\Users\Ashutosh\.m2\repository\org\springframework\boot\spring-boot-autoconfigure\3.3.3\spring-boot-autoconfigure-3.3.3.jar;C:\Users\Ashutosh\.m2\repository\com\mysql\mysql-connector-j\8.0.33\mysql-connector-j-8.0.33.jar;C:\Users\Ashutosh\.m2\repository\org\projectlombok\lombok\1.18.34\lombok-1.18.34.jar;C:\Users\Ashutosh\.m2\repository\jakarta\xml\bind\jakarta.xml.bind-api\4.0.2\jakarta.xml.bind-api-4.0.2.jar;C:\Users\Ashutosh\.m2\repository\jakarta\activation\jakarta.activation-api\2.1.3\jakarta.activation-api-2.1.3.jar;C:\Users\Ashutosh\.m2\repository\org\springframework\spring-core\6.1.12\spring-core-6.1.12.jar;C:\Users\Ashutosh\.m2\repository\org\springframework\spring-jcl\6.1.12\spring-jcl-6.1.12.jar;C:\Users\Ashutosh\.m2\repository\org\springdoc\springdoc-openapi-starter-webmvc-ui\2.6.0\springdoc-openapi-starter-webmvc-ui-2.6.0.jar;C:\Users\Ashutosh\.m2\repository\org\springdoc\springdoc-openapi-starter-webmvc-api\2.6.0\springdoc-openapi-starter-webmvc-api-2.6.0.jar;C:\Users\Ashutosh\.m2\repository\org\springdoc\springdoc-openapi-starter-common\2.6.0\springdoc-openapi-starter-common-2.6.0.jar;C:\Users\Ashutosh\.m2\repository\io\swagger\core\v3\swagger-core-jakarta\2.2.22\swagger-core-jakarta-2.2.22.jar;C:\Users\Ashutosh\.m2\repository\org\apache\commons\commons-lang3\3.14.0\commons-lang3-3.14.0.jar;C:\Users\Ashutosh\.m2\repository\io\swagger\core\v3\swagger-annotations-jakarta\2.2.22\swagger-annotations-jakarta-2.2.22.jar;C:\Users\Ashutosh\.m2\repository\io\swagger\core\v3\swagger-models-jakarta\2.2.22\swagger-models-jakarta-2.2.22.jar;C:\Users\Ashutosh\.m2\repository\com\fasterxml\jackson\dataformat\jackson-dataformat-yaml\2.17.2\jackson-dataformat-yaml-2.17.2.jar;C:\Users\Ashutosh\.m2\repository\org\webjars\swagger-ui\5.17.14\swagger-ui-5.17.14.jar
Launcher Type: SUN_STANDARD

[Global flags]
     intx CICompilerCount                          = 3                                         {product} {ergonomic}
     uint ConcGCThreads                            = 1                                         {product} {ergonomic}
     uint G1ConcRefinementThreads                  = 4                                         {product} {ergonomic}
   size_t G1HeapRegionSize                         = 1048576                                   {product} {ergonomic}
    uintx GCDrainStackTargetSize                   = 64                                        {product} {ergonomic}
   size_t InitialHeapSize                          = 134217728                                 {product} {ergonomic}
   size_t MarkStackSize                            = 4194304                                   {product} {ergonomic}
   size_t MaxHeapSize                              = 2116026368                                {product} {ergonomic}
   size_t MaxNewSize                               = 1268776960                                {product} {ergonomic}
   size_t MinHeapDeltaBytes                        = 1048576                                   {product} {ergonomic}
   size_t MinHeapSize                              = 8388608                                   {product} {ergonomic}
    uintx NonNMethodCodeHeapSize                   = 5832780                                {pd product} {ergonomic}
    uintx NonProfiledCodeHeapSize                  = 122912730                              {pd product} {ergonomic}
    uintx ProfiledCodeHeapSize                     = 122912730                              {pd product} {ergonomic}
    uintx ReservedCodeCacheSize                    = 251658240                              {pd product} {ergonomic}
     bool SegmentedCodeCache                       = true                                      {product} {ergonomic}
     bool ShowCodeDetailsInExceptionMessages       = true                                   {manageable} {command line}
   size_t SoftMaxHeapSize                          = 2116026368                             {manageable} {ergonomic}
     bool UseCompressedOops                        = true                           {product lp64_product} {ergonomic}
     bool UseG1GC                                  = true                                      {product} {ergonomic}
     bool UseLargePagesIndividualAllocation        = false                                  {pd product} {ergonomic}

Logging:
Log output configuration:
 #0: stdout all=warning uptime,level,tags foldmultilines=false
 #1: stderr all=off uptime,level,tags foldmultilines=false

Environment Variables:
PATH=D:\Softwares\eclipse-jee-2024\eclipse\plugins\org.eclipse.justj.openjdk.hotspot.jre.full.win32.x86_64_21.0.3.v20240426-1530\jre\bin;D:/Softwares/eclipse-jee-2024/eclipse//plugins/org.eclipse.justj.openjdk.hotspot.jre.full.win32.x86_64_21.0.3.v20240426-1530/jre/bin/server;D:/Softwares/eclipse-jee-2024/eclipse//plugins/org.eclipse.justj.openjdk.hotspot.jre.full.win32.x86_64_21.0.3.v20240426-1530/jre/bin;C:\Program Files\Common Files\Oracle\Java\javapath;C:\Windows\system32;C:\Windows;C:\Windows\System32\Wbem;C:\Windows\System32\WindowsPowerShell\v1.0\;C:\Windows\System32\OpenSSH\;C:\Program Files\Git\cmd;C:\Program Files\Docker\Docker\resources\bin;C:\Program Files\MySQL\MySQL Shell 8.0\bin\;C:\Users\Ashutosh\AppData\Local\Microsoft\WindowsApps;C:\Program Files\JetBrains\IntelliJ IDEA 2024.2\bin;;D:\Softwares\apache-maven-3.9.9-bin\apache-maven-3.9.9\bin;;D:\Softwares\eclipse-jee-2024\eclipse;
USERNAME=Ashutosh
OS=Windows_NT
PROCESSOR_IDENTIFIER=Intel64 Family 6 Model 142 Stepping 9, GenuineIntel
TMP=C:\Users\Ashutosh\AppData\Local\Temp
TEMP=C:\Users\Ashutosh\AppData\Local\Temp




Periodic native trim disabled

---------------  S Y S T E M  ---------------

OS:
 Windows 11 , 64 bit Build 22621 (10.0.22621.3958)
OS uptime: 3 days 11:29 hours
Hyper-V role detected

CPU: total 4 (initial active 4) (2 cores per cpu, 2 threads per core) family 6 model 142 stepping 9 microcode 0xde, cx8, cmov, fxsr, ht, mmx, 3dnowpref, sse, sse2, sse3, ssse3, sse4.1, sse4.2, popcnt, lzcnt, tsc, tscinvbit, avx, avx2, aes, erms, clmul, bmi1, bmi2, adx, fma, vzeroupper, clflush, clflushopt, hv, rdtscp, f16c
Processor Information for all 4 processors :
  Max Mhz: 2712, Current Mhz: 2511, Mhz Limit: 2495

Memory: 4k page, system-wide physical 8066M (2061M free)
TotalPageFile size 12418M (AvailPageFile size 4905M)
current process WorkingSet (physical memory assigned to process): 311M, peak: 389M
current process commit charge ("private bytes"): 338M, peak: 410M

vm_info: OpenJDK 64-Bit Server VM (21.0.3+9-LTS) for windows-amd64 JRE (21.0.3+9-LTS), built on 2024-04-16T00:00:00Z by "admin" with MS VC++ 17.7 (VS2022)

END.
